#
# A fatal error has been detected by the Java Runtime Environment:
#
#  EXCEPTION_ACCESS_VIOLATION (0xc0000005) at pc=0x00007ff81414f555, pid=18824, tid=7800
#
# JRE version: Java(TM) SE Runtime Environment (9.0+11) (build 9.0.4+11)
# Java VM: Java HotSpot(TM) 64-Bit Server VM (9.0.4+11, mixed mode, tiered, compressed oops, g1 gc, windows-amd64)
# Problematic frame:
# C  [librdi_common.dll+0x18f555]
#
# No core dump will be written. Minidumps are not enabled by default on client versions of Windows
#
# If you would like to submit a bug report, please visit:
#   http://bugreport.java.com/bugreport/crash.jsp
# The crash happened outside the Java Virtual Machine in native code.
# See problematic frame for where to report the bug.
#

---------------  S U M M A R Y ------------

Command Line: -Dsun.java2d.pmoffscreen=false -Dsun.java2d.xrender=false -Dsun.java2d.d3d=false -Dsun.awt.nopixfmt=true -Dsun.java2d.dpiaware=true -Dsun.java2d.uiScale.enabled=false -Xverify:none -Dswing.aatext=true -XX:-UsePerfData -Djdk.map.althashing.threshold=512 -XX:StringTableSize=4072 --add-opens=java.base/java.nio=ALL-UNNAMED --add-opens=java.desktop/sun.swing=ALL-UNNAMED --add-opens=java.desktop/javax.swing=ALL-UNNAMED --add-opens=java.desktop/javax.swing.tree=ALL-UNNAMED --add-opens=java.desktop/javax.swing.plaf.basic=ALL-UNNAMED --add-opens=java.desktop/javax.swing.plaf.synth=ALL-UNNAMED --add-opens=java.desktop/com.sun.awt=ALL-UNNAMED -XX:NewSize=60m -XX:MaxNewSize=60m -Xms128m -Xmx3072m -Xss5m 

Host: 11th Gen Intel(R) Core(TM) i5-1135G7 @ 2.40GHz, 8 cores, 7G,  Windows 10 , 64 bit Build 19041 (10.0.19041.2251)
Time: Sun Dec 04 18:00:56 2022 Pacific Standard Time elapsed time: 85355 seconds (0d 23h 42m 35s)

---------------  T H R E A D  ---------------

Current thread (0x00000200c84fc800):  JavaThread "AWT-EventQueue-0" [_thread_in_native, id=7800, stack(0x00000034a2100000,0x00000034a2600000)]

Stack: [0x00000034a2100000,0x00000034a2600000],  sp=0x00000034a25faef0,  free space=5099k
Native frames: (J=compiled Java code, j=interpreted, Vv=VM code, C=native code)
C  [librdi_common.dll+0x18f555]
C  [librdi_common.dll+0x1842d5]
C  [librdi_common.dll+0x14d40a]
C  [librdi_wavedata.dll+0x1e1faf]
C  [librdi_wavedata.dll+0x262fbf]
C  [librdi_wavedata.dll+0x26acd9]
C  [librdi_wavedata.dll+0x23b40b]
C  [librdi_wavedata.dll+0x277c67]
C  0x00000200b095b8ba

Java frames: (J=compiled Java code, j=interpreted, Vv=VM code)
J 18052  ui.views.waveform.waveformi.WVExecutive_getTooltipTextDelayed(J)Ljava/lang/String; (0 bytes) @ 0x00000200b095b821 [0x00000200b095b7e0+0x0000000000000041]
J 27177 c1 ui.views.waveform.b.a.bW(Ljava/awt/event/MouseEvent;)V (135 bytes) @ 0x00000200aa738c24 [0x00000200aa738580+0x00000000000006a4]
J 22335 c2 ui.views.waveform.b.a.mouseMoved(Ljava/awt/event/MouseEvent;)V (32 bytes) @ 0x00000200b104ff34 [0x00000200b104fe60+0x00000000000000d4]
J 18772 c2 java.awt.AWTEventMulticaster.mouseMoved(Ljava/awt/event/MouseEvent;)V java.desktop@9.0.4 (27 bytes) @ 0x00000200b0f1e374 [0x00000200b0f1e2c0+0x00000000000000b4]
J 18772 c2 java.awt.AWTEventMulticaster.mouseMoved(Ljava/awt/event/MouseEvent;)V java.desktop@9.0.4 (27 bytes) @ 0x00000200b0f1e334 [0x00000200b0f1e2c0+0x0000000000000074]
J 20974 c2 javax.swing.JComponent.processMouseMotionEvent(Ljava/awt/event/MouseEvent;)V java.desktop@9.0.4 (46 bytes) @ 0x00000200b110eee0 [0x00000200b110edc0+0x0000000000000120]
J 22266 c2 ui.frmwork.c.i.processMouseMotionEvent(Ljava/awt/event/MouseEvent;)V (131 bytes) @ 0x00000200b0cbb768 [0x00000200b0cbb4a0+0x00000000000002c8]
J 13365 c2 java.awt.Container.processEvent(Ljava/awt/AWTEvent;)V java.desktop@9.0.4 (22 bytes) @ 0x00000200b08c5f98 [0x00000200b08c5e20+0x0000000000000178]
J 26123 c2 java.awt.Component.dispatchEventImpl(Ljava/awt/AWTEvent;)V java.desktop@9.0.4 (739 bytes) @ 0x00000200b1794630 [0x00000200b1793c40+0x00000000000009f0]
J 19945 c2 java.awt.Container.dispatchEventImpl(Ljava/awt/AWTEvent;)V java.desktop@9.0.4 (129 bytes) @ 0x00000200b09dd974 [0x00000200b09dd060+0x0000000000000914]
J 14755 c2 java.awt.LightweightDispatcher.retargetMouseEvent(Ljava/awt/Component;ILjava/awt/event/MouseEvent;)V java.desktop@9.0.4 (350 bytes) @ 0x00000200b0a4600c [0x00000200b0a45a60+0x00000000000005ac]
J 19945 c2 java.awt.Container.dispatchEventImpl(Ljava/awt/AWTEvent;)V java.desktop@9.0.4 (129 bytes) @ 0x00000200b09dd8a0 [0x00000200b09dd060+0x0000000000000840]
J 18853 c2 java.awt.Window.dispatchEventImpl(Ljava/awt/AWTEvent;)V java.desktop@9.0.4 (23 bytes) @ 0x00000200b032f60c [0x00000200b032f5c0+0x000000000000004c]
J 13485 c2 java.awt.EventQueue$3.run()Ljava/lang/Object; java.desktop@9.0.4 (5 bytes) @ 0x00000200b08f3b34 [0x00000200b08f39e0+0x0000000000000154]
v  ~StubRoutines::call_stub
J 4337  java.security.AccessController.doPrivileged(Ljava/security/PrivilegedAction;Ljava/security/AccessControlContext;)Ljava/lang/Object; java.base@9.0.4 (0 bytes) @ 0x00000200b0100fc6 [0x00000200b0100f60+0x0000000000000066]
J 17759 c2 java.awt.EventQueue$4.run()Ljava/lang/Object; java.desktop@9.0.4 (5 bytes) @ 0x00000200b076edc0 [0x00000200b076eb60+0x0000000000000260]
v  ~StubRoutines::call_stub
J 4337  java.security.AccessController.doPrivileged(Ljava/security/PrivilegedAction;Ljava/security/AccessControlContext;)Ljava/lang/Object; java.base@9.0.4 (0 bytes) @ 0x00000200b0100fc6 [0x00000200b0100f60+0x0000000000000066]
J 13462 c2 java.awt.EventQueue.dispatchEvent(Ljava/awt/AWTEvent;)V java.desktop@9.0.4 (80 bytes) @ 0x00000200b08e6440 [0x00000200b08e60c0+0x0000000000000380]
J 26375 c2 ui.frmwork.b.d.dispatchEvent(Ljava/awt/AWTEvent;)V (34 bytes) @ 0x00000200b180d984 [0x00000200b180d880+0x0000000000000104]
J 26505 c2 java.awt.EventDispatchThread.pumpOneEventForFilters(I)V java.desktop@9.0.4 (218 bytes) @ 0x00000200b181a5a4 [0x00000200b181a280+0x0000000000000324]
J 19705% c2 java.awt.EventDispatchThread.pumpEventsForFilter(ILjava/awt/Conditional;Ljava/awt/EventFilter;)V java.desktop@9.0.4 (47 bytes) @ 0x00000200b045a640 [0x00000200b045a540+0x0000000000000100]
j  java.awt.EventDispatchThread.pumpEventsForHierarchy(ILjava/awt/Conditional;Ljava/awt/Component;)V+11 java.desktop@9.0.4
j  java.awt.EventDispatchThread.pumpEvents(ILjava/awt/Conditional;)V+4 java.desktop@9.0.4
j  java.awt.EventDispatchThread.pumpEvents(Ljava/awt/Conditional;)V+3 java.desktop@9.0.4
j  java.awt.EventDispatchThread.run()V+9 java.desktop@9.0.4
v  ~StubRoutines::call_stub

siginfo: EXCEPTION_ACCESS_VIOLATION (0xc0000005), reading address 0xffffffffffffffff


Register to memory mapping:

RIP=0x00007ff81414f555 librdi_common.dll
RAX=0x000002009d984701 is an unknown value
RBX=0x9007b700b7cd5517 is an unknown value
RCX=0x000002009d984760 is an unknown value
RDX=0x9007b700b7cd5517 is an unknown value
RSP=0x00000034a25faef0 is pointing into the stack for thread: 0x00000200c84fc800
RBP=0x00000034a25fb020 is pointing into the stack for thread: 0x00000200c84fc800
RSI=0x00000200d5797590 is an unknown value
RDI=0x00000034a25fb108 is pointing into the stack for thread: 0x00000200c84fc800
R8 =0x00000034a25fb108 is pointing into the stack for thread: 0x00000200c84fc800
R9 =0x0000000000000000 is an unknown value
R10=0x00007ff86dd70000 VCRUNTIME140.dll
R11=0x0204000090000082 is an unknown value
R12=0x00000034a25fb108 is pointing into the stack for thread: 0x00000200c84fc800
R13=0x0000000000000000 is an unknown value
R14=0x000002009af41af0 is an unknown value
R15=0x9007b700b7cd5517 is an unknown value


Registers:
RAX=0x000002009d984701, RBX=0x9007b700b7cd5517, RCX=0x000002009d984760, RDX=0x9007b700b7cd5517
RSP=0x00000034a25faef0, RBP=0x00000034a25fb020, RSI=0x00000200d5797590, RDI=0x00000034a25fb108
R8 =0x00000034a25fb108, R9 =0x0000000000000000, R10=0x00007ff86dd70000, R11=0x0204000090000082
R12=0x00000034a25fb108, R13=0x0000000000000000, R14=0x000002009af41af0, R15=0x9007b700b7cd5517
RIP=0x00007ff81414f555, EFLAGS=0x0000000000010202

Top of Stack: (sp=0x00000034a25faef0)
0x00000034a25faef0:   00000034a25fb2a0 00007ff86dcf32c5
0x00000034a25faf00:   0000003400000000 9007b700b7cd5517
0x00000034a25faf10:   9007b700b7cd5517 00007ff8141442d5
0x00000034a25faf20:   00000000000009c4 00007ff86dcf365f
0x00000034a25faf30:   00002a6d8cf7bde4 0000000000000000
0x00000034a25faf40:   00000000000009c4 00000200d429d710
0x00000034a25faf50:   0000000000000002 00007ff8141acfe5
0x00000034a25faf60:   00000200cdc6df60 00000200cc0b1d08
0x00000034a25faf70:   00000200cc0b1d48 00007ff814fbe630
0x00000034a25faf80:   fffffffffffffffe 00007ff81480d489
0x00000034a25faf90:   fffffffffffffffe 00007ff814fbe630
0x00000034a25fafa0:   00000200cc0b1d00 000002009af8ac68
0x00000034a25fafb0:   00000034a25fb108 00007ff8141ac2d6
0x00000034a25fafc0:   00000200cc0b1d00 00000034a25fb108
0x00000034a25fafd0:   0000020000000002 0000000000000000
0x00000034a25fafe0:   fffffffffffffffe 000000000000000f 

Instructions: (pc=0x00007ff81414f555)
0x00007ff81414f535:   20 48 8b d9 e8 22 c4 04 00 48 8b c8 48 8b d3 e8
0x00007ff81414f545:   27 0d 05 00 84 c0 75 08 33 c0 48 83 c4 20 5b c3
0x00007ff81414f555:   48 8b 4b 50 48 85 c9 74 0a 48 83 c4 20 5b e9 68
0x00007ff81414f565:   e2 04 00 48 8b d3 48 8d 0d 36 71 84 00 e8 59 b7 



---------------  P R O C E S S  ---------------

Java Threads: ( => current thread )
  0x00000200ceb1b000 JavaThread "Relaunch Simulation Thread" [_thread_blocked, id=15424, stack(0x00000034a5600000,0x00000034a5b00000)]
  0x00000200cb6e1000 JavaThread "Monitor File Timestamp Swing Worker Thread" [_thread_blocked, id=17544, stack(0x00000034aa800000,0x00000034aad00000)]
  0x00000200cb6e7000 JavaThread "Timer-14" [_thread_blocked, id=14936, stack(0x00000034a5b00000,0x00000034a6000000)]
  0x00000200ceb21000 JavaThread "Monitor File Timestamp Swing Worker Thread" [_thread_blocked, id=16592, stack(0x00000034a8d00000,0x00000034a9200000)]
  0x00000200ceb20000 JavaThread "Timer-8" [_thread_blocked, id=15684, stack(0x00000034a8800000,0x00000034a8d00000)]
  0x00000200ceb1f800 JavaThread "Monitor File Timestamp Swing Worker Thread" [_thread_blocked, id=21464, stack(0x00000034a7900000,0x00000034a7e00000)]
  0x00000200ceb1d000 JavaThread "Timer-3" [_thread_blocked, id=10292, stack(0x00000034a6f00000,0x00000034a7400000)]
  0x00000200ceb1e000 JavaThread "Image Animator 0" daemon [_thread_blocked, id=15032, stack(0x00000034a7400000,0x00000034a7900000)]
  0x00000200ceb1b800 JavaThread "SyntheticaAnimation 50" daemon [_thread_blocked, id=128, stack(0x00000034a6a00000,0x00000034a6f00000)]
  0x00000200ceb12800 JavaThread "SyntheticaAnimation 50" daemon [_thread_blocked, id=3748, stack(0x00000034a1c00000,0x00000034a2100000)]
  0x00000200ceb13800 JavaThread "Update Runs Swing Worker Thread" [_thread_blocked, id=19424, stack(0x00000034a6000000,0x00000034a6500000)]
  0x00000200ceb15000 JavaThread "hw_ila_monitor" [_thread_blocked, id=16864, stack(0x00000034a5100000,0x00000034a5600000)]
  0x00000200d82aa800 JavaThread "Refresh Filesets Swing Worker Thread" [_thread_blocked, id=12432, stack(0x00000034a4c00000,0x00000034a5100000)]
  0x00000200d82aa000 JavaThread "SyntheticaAnimation 70" daemon [_thread_blocked, id=6656, stack(0x00000034a3000000,0x00000034a3500000)]
  0x00000200d82ab800 JavaThread "SyntheticaAnimation 25" daemon [_thread_blocked, id=20196, stack(0x00000034a4700000,0x00000034a4c00000)]
  0x00000200d82a9000 JavaThread "SyntheticaAnimation 50" daemon [_thread_blocked, id=16408, stack(0x00000034a4200000,0x00000034a4700000)]
  0x00000200d82a5800 JavaThread "Monitor HEventQueue Thread" [_thread_blocked, id=9056, stack(0x00000034a3d00000,0x00000034a4200000)]
  0x00000200d82ac000 JavaThread "SyntheticaCleanerThread" daemon [_thread_blocked, id=17772, stack(0x00000034a3500000,0x00000034a3a00000)]
  0x00000200d82a7000 JavaThread "Batik CleanerThread" daemon [_thread_blocked, id=8420, stack(0x00000034a2600000,0x00000034a2b00000)]
  0x00000200c9bff000 JavaThread "Process Messages Thread" [_thread_blocked, id=3076, stack(0x00000034a2b00000,0x00000034a3000000)]
  0x00000200c91e0000 JavaThread "Thread-1" [_thread_in_native, id=8448, stack(0x000000349b400000,0x000000349c800000)]
=>0x00000200c84fc800 JavaThread "AWT-EventQueue-0" [_thread_in_native, id=7800, stack(0x00000034a2100000,0x00000034a2600000)]
  0x00000200c8a48000 JavaThread "TimerQueue" daemon [_thread_blocked, id=19764, stack(0x00000034a1700000,0x00000034a1c00000)]
  0x00000200c8685000 JavaThread "AWT-Windows" daemon [_thread_in_native, id=15740, stack(0x00000034a1200000,0x00000034a1700000)]
  0x00000200d7f6b800 JavaThread "AWT-Shutdown" [_thread_blocked, id=12204, stack(0x00000034a0d00000,0x00000034a1200000)]
  0x00000200bfaee800 JavaThread "Java2D Disposer" daemon [_thread_blocked, id=18168, stack(0x00000034a0800000,0x00000034a0d00000)]
  0x00000200d85c3000 JavaThread "Service Thread" daemon [_thread_blocked, id=13756, stack(0x00000034a0200000,0x00000034a0700000)]
  0x00000200bf707000 JavaThread "Common-Cleaner" daemon [_thread_blocked, id=20388, stack(0x000000349fd00000,0x00000034a0200000)]
  0x00000200d82a6000 JavaThread "Sweeper thread" daemon [_thread_blocked, id=6288, stack(0x000000349f800000,0x000000349fd00000)]
  0x00000200bb867000 JavaThread "C1 CompilerThread3" daemon [_thread_blocked, id=9392, stack(0x000000349f700000,0x000000349f800000)]
  0x00000200bb866000 JavaThread "C2 CompilerThread2" daemon [_thread_in_vm, id=20180, stack(0x000000349f600000,0x000000349f700000)]
  0x00000200bb865800 JavaThread "C2 CompilerThread1" daemon [_thread_blocked, id=5664, stack(0x000000349f500000,0x000000349f600000)]
  0x00000200ba228000 JavaThread "C2 CompilerThread0" daemon [_thread_blocked, id=15920, stack(0x000000349f400000,0x000000349f500000)]
  0x00000200ba227000 JavaThread "Attach Listener" daemon [_thread_blocked, id=18316, stack(0x000000349ef00000,0x000000349f400000)]
  0x000002009de4e000 JavaThread "Signal Dispatcher" daemon [_thread_blocked, id=15656, stack(0x000000349ea00000,0x000000349ef00000)]
  0x00000200ba223000 JavaThread "Finalizer" daemon [_thread_blocked, id=14224, stack(0x000000349e500000,0x000000349ea00000)]
  0x00000200ba23d800 JavaThread "Reference Handler" daemon [_thread_blocked, id=3160, stack(0x000000349e000000,0x000000349e500000)]
  0x00000200ba3c1800 JavaThread "main" [_thread_blocked, id=6292, stack(0x000000349ca00000,0x000000349cb00000)]

Other Threads:
  0x00000200ba23c000 VMThread "VM Thread" [stack: 0x000000349df00000,0x000000349e000000] [id=9196]
  0x00000200d829d800 WatcherThread [stack: 0x00000034a0700000,0x00000034a0800000] [id=16704]
  0x00000200bc2fe800 GCTaskThread "GC Thread#0" [stack: 0x000000349cb00000,0x000000349cc00000] [id=5676]
  0x00000200bd629800 GCTaskThread "GC Thread#1" [stack: 0x000000349cc00000,0x000000349cd00000] [id=3972]
  0x00000200bd62a800 GCTaskThread "GC Thread#2" [stack: 0x000000349cd00000,0x000000349ce00000] [id=10844]
  0x00000200bd62b800 GCTaskThread "GC Thread#3" [stack: 0x000000349ce00000,0x000000349cf00000] [id=6948]
  0x00000200d8295800 GCTaskThread "GC Thread#4" [stack: 0x000000349cf00000,0x000000349d000000] [id=14980]
  0x00000200d8299800 GCTaskThread "GC Thread#5" [stack: 0x000000349d000000,0x000000349d100000] [id=11220]
  0x00000200d829a800 GCTaskThread "GC Thread#6" [stack: 0x000000349d100000,0x000000349d200000] [id=16564]
  0x00000200d829b800 GCTaskThread "GC Thread#7" [stack: 0x000000349d200000,0x000000349d300000] [id=2800]
  0x00000200a1169800 ConcurrentGCThread "G1 Main Marker" [stack: 0x000000349dc00000,0x000000349dd00000] [id=14476]
  0x00000200d8296000 ConcurrentGCThread "G1 Marker#0" [stack: 0x000000349dd00000,0x000000349de00000] [id=16884]
  0x00000200d829c000 ConcurrentGCThread "G1 Marker#1" [stack: 0x000000349de00000,0x000000349df00000] [id=3320]
  0x00000200bb78c800 ConcurrentGCThread "G1 Refine#0" [stack: 0x000000349da00000,0x000000349db00000] [id=19464]
  0x00000200bb78b800 ConcurrentGCThread "G1 Refine#1" [stack: 0x000000349d900000,0x000000349da00000] [id=1376]
  0x00000200bdd06800 ConcurrentGCThread "G1 Refine#2" [stack: 0x000000349d800000,0x000000349d900000] [id=20292]
  0x00000200bfae9800 ConcurrentGCThread "G1 Refine#3" [stack: 0x000000349d700000,0x000000349d800000] [id=17680]
  0x00000200bfae8800 ConcurrentGCThread "G1 Refine#4" [stack: 0x000000349d600000,0x000000349d700000] [id=7924]
  0x00000200d846c800 ConcurrentGCThread "G1 Refine#5" [stack: 0x000000349d500000,0x000000349d600000] [id=21400]
  0x00000200d846b800 ConcurrentGCThread "G1 Refine#6" [stack: 0x000000349d400000,0x000000349d500000] [id=1520]
  0x00000200bed19800 ConcurrentGCThread "G1 Refine#7" [stack: 0x000000349d300000,0x000000349d400000] [id=12472]
  0x00000200bb8f0800 ConcurrentGCThread "G1 Young RemSet Sampling" [stack: 0x000000349db00000,0x000000349dc00000] [id=7996]

Threads with active compile tasks:

VM state:not at safepoint (normal execution)

VM Mutex/Monitor currently owned by a thread: None

Heap address: 0x0000000700000000, size: 3072 MB, Compressed Oops mode: Zero based, Oop shift amount: 3
Narrow klass base: 0x0000000000000000, Narrow klass shift: 3
Compressed class space size: 1073741824 Address: 0x00000007c0000000

Heap:
 garbage-first heap   total 313344K, used 132074K [0x0000000700000000, 0x0000000700100990, 0x00000007c0000000)
  region size 1024K, 31 young (31744K), 1 survivors (1024K)
 Metaspace       used 89298K, capacity 91139K, committed 98200K, reserved 1132544K
  class space    used 12361K, capacity 12763K, committed 14232K, reserved 1048576K
Heap Regions: E=young(eden), S=young(survivor), O=old, HS=humongous(starts), HC=humongous(continues), CS=collection set, F=free, A=archive, TS=gc time stamp, AC=allocation context, TAMS=top-at-mark-start (previous, next)
|   0|0x0000000700000000, 0x00000007000f9a58, 0x0000000700100000| 97%| O|  |TS  0|AC  0|TAMS 0x0000000700000000, 0x0000000700000000|
|   1|0x0000000700100000, 0x00000007001fc938, 0x0000000700200000| 98%| O|  |TS  0|AC  0|TAMS 0x0000000700100000, 0x0000000700100000|
|   2|0x0000000700200000, 0x0000000700300000, 0x0000000700300000|100%|HS|  |TS  0|AC  0|TAMS 0x0000000700200000, 0x0000000700200000|
|   3|0x0000000700300000, 0x0000000700400000, 0x0000000700400000|100%|HC|  |TS  0|AC  0|TAMS 0x0000000700300000, 0x0000000700300000|
|   4|0x0000000700400000, 0x0000000700500000, 0x0000000700500000|100%|HS|  |TS  0|AC  0|TAMS 0x0000000700400000, 0x0000000700400000|
|   5|0x0000000700500000, 0x00000007005ed1e0, 0x0000000700600000| 92%| O|  |TS  0|AC  0|TAMS 0x0000000700500000, 0x0000000700500000|
|   6|0x0000000700600000, 0x00000007006fffe8, 0x0000000700700000| 99%| O|  |TS  0|AC  0|TAMS 0x0000000700600000, 0x0000000700600000|
|   7|0x0000000700700000, 0x00000007007f1f30, 0x0000000700800000| 94%| O|  |TS  0|AC  0|TAMS 0x0000000700700000, 0x0000000700700000|
|   8|0x0000000700800000, 0x00000007008ffff0, 0x0000000700900000| 99%| O|  |TS  0|AC  0|TAMS 0x0000000700800000, 0x0000000700800000|
|   9|0x0000000700900000, 0x00000007009fcb00, 0x0000000700a00000| 98%| O|  |TS  0|AC  0|TAMS 0x0000000700900000, 0x0000000700900000|
|  10|0x0000000700a00000, 0x0000000700afff70, 0x0000000700b00000| 99%| O|  |TS  0|AC  0|TAMS 0x0000000700a00000, 0x0000000700a00000|
|  11|0x0000000700b00000, 0x0000000700bffff0, 0x0000000700c00000| 99%| O|  |TS  0|AC  0|TAMS 0x0000000700b00000, 0x0000000700b00000|
|  12|0x0000000700c00000, 0x0000000700cffff8, 0x0000000700d00000| 99%| O|  |TS  0|AC  0|TAMS 0x0000000700c00000, 0x0000000700c00000|
|  13|0x0000000700d00000, 0x0000000700e00000, 0x0000000700e00000|100%| O|  |TS  0|AC  0|TAMS 0x0000000700d00000, 0x0000000700d00000|
|  14|0x0000000700e00000, 0x0000000700efffd8, 0x0000000700f00000| 99%| O|  |TS  0|AC  0|TAMS 0x0000000700e00000, 0x0000000700e00000|
|  15|0x0000000700f00000, 0x0000000700ffffd8, 0x0000000701000000| 99%| O|  |TS  0|AC  0|TAMS 0x0000000700f00000, 0x0000000700f00000|
|  16|0x0000000701000000, 0x00000007010ffde8, 0x0000000701100000| 99%| O|  |TS  0|AC  0|TAMS 0x0000000701000000, 0x0000000701000000|
|  17|0x0000000701100000, 0x00000007011fffe8, 0x0000000701200000| 99%| O|  |TS  0|AC  0|TAMS 0x0000000701100000, 0x0000000701100000|
|  18|0x0000000701200000, 0x00000007012fffe8, 0x0000000701300000| 99%| O|  |TS  0|AC  0|TAMS 0x0000000701200000, 0x0000000701200000|
|  19|0x0000000701300000, 0x0000000701400000, 0x0000000701400000|100%| O|  |TS  0|AC  0|TAMS 0x0000000701300000, 0x0000000701300000|
|  20|0x0000000701400000, 0x00000007014ffff0, 0x0000000701500000| 99%| O|  |TS  0|AC  0|TAMS 0x0000000701400000, 0x0000000701400000|
|  21|0x0000000701500000, 0x00000007015ffff8, 0x0000000701600000| 99%| O|  |TS  0|AC  0|TAMS 0x0000000701500000, 0x0000000701500000|
|  22|0x0000000701600000, 0x00000007016fffd0, 0x0000000701700000| 99%| O|  |TS  0|AC  0|TAMS 0x0000000701600000, 0x0000000701600000|
|  23|0x0000000701700000, 0x00000007017ffff0, 0x0000000701800000| 99%| O|  |TS  0|AC  0|TAMS 0x0000000701700000, 0x0000000701700000|
|  24|0x0000000701800000, 0x00000007018ffda8, 0x0000000701900000| 99%| O|  |TS  0|AC  0|TAMS 0x0000000701800000, 0x0000000701800000|
|  25|0x0000000701900000, 0x00000007019ffff8, 0x0000000701a00000| 99%| O|  |TS  0|AC  0|TAMS 0x0000000701900000, 0x0000000701900000|
|  26|0x0000000701a00000, 0x0000000701b00000, 0x0000000701b00000|100%| O|  |TS  0|AC  0|TAMS 0x0000000701a00000, 0x0000000701a00000|
|  27|0x0000000701b00000, 0x0000000701bff738, 0x0000000701c00000| 99%| O|  |TS  0|AC  0|TAMS 0x0000000701b00000, 0x0000000701b00000|
|  28|0x0000000701c00000, 0x0000000701cfffa8, 0x0000000701d00000| 99%| O|  |TS  0|AC  0|TAMS 0x0000000701c00000, 0x0000000701c00000|
|  29|0x0000000701d00000, 0x0000000701e00000, 0x0000000701e00000|100%| O|  |TS  0|AC  0|TAMS 0x0000000701d00000, 0x0000000701d00000|
|  30|0x0000000701e00000, 0x0000000701effff8, 0x0000000701f00000| 99%| O|  |TS  0|AC  0|TAMS 0x0000000701e00000, 0x0000000701e00000|
|  31|0x0000000701f00000, 0x0000000701ffffd8, 0x0000000702000000| 99%| O|  |TS  0|AC  0|TAMS 0x0000000701f00000, 0x0000000701f00000|
|  32|0x0000000702000000, 0x00000007020fffe0, 0x0000000702100000| 99%| O|  |TS  0|AC  0|TAMS 0x0000000702000000, 0x0000000702000000|
|  33|0x0000000702100000, 0x00000007021fffe0, 0x0000000702200000| 99%| O|  |TS  0|AC  0|TAMS 0x0000000702100000, 0x0000000702100000|
|  34|0x0000000702200000, 0x00000007022ffff0, 0x0000000702300000| 99%| O|  |TS  0|AC  0|TAMS 0x0000000702200000, 0x0000000702200000|
|  35|0x0000000702300000, 0x00000007023fe4e0, 0x0000000702400000| 99%| O|  |TS  0|AC  0|TAMS 0x0000000702300000, 0x0000000702300000|
|  36|0x0000000702400000, 0x00000007024fffe0, 0x0000000702500000| 99%| O|  |TS  0|AC  0|TAMS 0x0000000702400000, 0x0000000702400000|
|  37|0x0000000702500000, 0x00000007025fffd8, 0x0000000702600000| 99%| O|  |TS  0|AC  0|TAMS 0x0000000702500000, 0x0000000702500000|
|  38|0x0000000702600000, 0x0000000702700000, 0x0000000702700000|100%| O|  |TS  0|AC  0|TAMS 0x0000000702600000, 0x0000000702600000|
|  39|0x0000000702700000, 0x00000007027ffff0, 0x0000000702800000| 99%| O|  |TS  0|AC  0|TAMS 0x0000000702700000, 0x0000000702700000|
|  40|0x0000000702800000, 0x00000007028ffff8, 0x0000000702900000| 99%| O|  |TS  0|AC  0|TAMS 0x0000000702800000, 0x0000000702800000|
|  41|0x0000000702900000, 0x00000007029ffed8, 0x0000000702a00000| 99%| O|  |TS  0|AC  0|TAMS 0x0000000702900000, 0x0000000702900000|
|  42|0x0000000702a00000, 0x0000000702afffe8, 0x0000000702b00000| 99%| O|  |TS  0|AC  0|TAMS 0x0000000702a00000, 0x0000000702a00000|
|  43|0x0000000702b00000, 0x0000000702c00000, 0x0000000702c00000|100%| O|  |TS  0|AC  0|TAMS 0x0000000702b00000, 0x0000000702b00000|
|  44|0x0000000702c00000, 0x0000000702cfffe8, 0x0000000702d00000| 99%| O|  |TS  0|AC  0|TAMS 0x0000000702c00000, 0x0000000702c00000|
|  45|0x0000000702d00000, 0x0000000702dfffd0, 0x0000000702e00000| 99%| O|  |TS  0|AC  0|TAMS 0x0000000702d00000, 0x0000000702d00000|
|  46|0x0000000702e00000, 0x0000000702f00000, 0x0000000702f00000|100%| O|  |TS  0|AC  0|TAMS 0x0000000702e00000, 0x0000000702e00000|
|  47|0x0000000702f00000, 0x0000000703000000, 0x0000000703000000|100%| O|  |TS  0|AC  0|TAMS 0x0000000702f00000, 0x0000000702f00000|
|  48|0x0000000703000000, 0x00000007030fffe8, 0x0000000703100000| 99%| O|  |TS  0|AC  0|TAMS 0x0000000703000000, 0x0000000703000000|
|  49|0x0000000703100000, 0x00000007031ffff0, 0x0000000703200000| 99%| O|  |TS  0|AC  0|TAMS 0x0000000703100000, 0x0000000703100000|
|  50|0x0000000703200000, 0x00000007032ffff0, 0x0000000703300000| 99%| O|  |TS  0|AC  0|TAMS 0x0000000703200000, 0x0000000703200000|
|  51|0x0000000703300000, 0x00000007033fffe0, 0x0000000703400000| 99%| O|  |TS  0|AC  0|TAMS 0x0000000703300000, 0x0000000703300000|
|  52|0x0000000703400000, 0x00000007034fffe0, 0x0000000703500000| 99%| O|  |TS  0|AC  0|TAMS 0x0000000703400000, 0x0000000703400000|
|  53|0x0000000703500000, 0x00000007035fff38, 0x0000000703600000| 99%| O|  |TS  0|AC  0|TAMS 0x0000000703500000, 0x0000000703500000|
|  54|0x0000000703600000, 0x00000007036fff78, 0x0000000703700000| 99%| O|  |TS  0|AC  0|TAMS 0x0000000703600000, 0x0000000703600000|
|  55|0x0000000703700000, 0x00000007037ffec8, 0x0000000703800000| 99%| O|  |TS  0|AC  0|TAMS 0x0000000703700000, 0x0000000703700000|
|  56|0x0000000703800000, 0x00000007038fffc0, 0x0000000703900000| 99%| O|  |TS  0|AC  0|TAMS 0x0000000703800000, 0x0000000703800000|
|  57|0x0000000703900000, 0x00000007039fff50, 0x0000000703a00000| 99%| O|  |TS  0|AC  0|TAMS 0x0000000703900000, 0x0000000703900000|
|  58|0x0000000703a00000, 0x0000000703affff8, 0x0000000703b00000| 99%| O|  |TS  0|AC  0|TAMS 0x0000000703a00000, 0x0000000703a00000|
|  59|0x0000000703b00000, 0x0000000703bfffe8, 0x0000000703c00000| 99%| O|  |TS  0|AC  0|TAMS 0x0000000703b00000, 0x0000000703b00000|
|  60|0x0000000703c00000, 0x0000000703cfff80, 0x0000000703d00000| 99%| O|  |TS  0|AC  0|TAMS 0x0000000703c00000, 0x0000000703c00000|
|  61|0x0000000703d00000, 0x0000000703dffd20, 0x0000000703e00000| 99%| O|  |TS  0|AC  0|TAMS 0x0000000703d00000, 0x0000000703d00000|
|  62|0x0000000703e00000, 0x0000000703effff0, 0x0000000703f00000| 99%| O|  |TS  0|AC  0|TAMS 0x0000000703e00000, 0x0000000703e00000|
|  63|0x0000000703f00000, 0x0000000704000000, 0x0000000704000000|100%| O|  |TS  0|AC  0|TAMS 0x0000000703f00000, 0x0000000703f00000|
|  64|0x0000000704000000, 0x00000007040fff28, 0x0000000704100000| 99%| O|  |TS  0|AC  0|TAMS 0x0000000704000000, 0x0000000704000000|
|  65|0x0000000704100000, 0x00000007041ffef8, 0x0000000704200000| 99%| O|  |TS  0|AC  0|TAMS 0x0000000704100000, 0x0000000704100000|
|  66|0x0000000704200000, 0x00000007042ffff0, 0x0000000704300000| 99%| O|  |TS  0|AC  0|TAMS 0x0000000704200000, 0x0000000704200000|
|  67|0x0000000704300000, 0x00000007043fffe8, 0x0000000704400000| 99%| O|  |TS  0|AC  0|TAMS 0x0000000704300000, 0x0000000704300000|
|  68|0x0000000704400000, 0x0000000704500000, 0x0000000704500000|100%| O|  |TS  0|AC  0|TAMS 0x0000000704400000, 0x0000000704400000|
|  69|0x0000000704500000, 0x00000007045ffff8, 0x0000000704600000| 99%| O|  |TS  0|AC  0|TAMS 0x0000000704500000, 0x0000000704500000|
|  70|0x0000000704600000, 0x00000007046ffff0, 0x0000000704700000| 99%| O|  |TS  0|AC  0|TAMS 0x0000000704600000, 0x0000000704600000|
|  71|0x0000000704700000, 0x00000007047ffe18, 0x0000000704800000| 99%| O|  |TS  0|AC  0|TAMS 0x0000000704700000, 0x0000000704700000|
|  72|0x0000000704800000, 0x00000007048ffff0, 0x0000000704900000| 99%| O|  |TS  0|AC  0|TAMS 0x0000000704800000, 0x0000000704800000|
|  73|0x0000000704900000, 0x00000007049ffff8, 0x0000000704a00000| 99%| O|  |TS  0|AC  0|TAMS 0x0000000704900000, 0x0000000704900000|
|  74|0x0000000704a00000, 0x0000000704b00000, 0x0000000704b00000|100%| O|  |TS  0|AC  0|TAMS 0x0000000704a00000, 0x0000000704a00000|
|  75|0x0000000704b00000, 0x0000000704bffff8, 0x0000000704c00000| 99%| O|  |TS  0|AC  0|TAMS 0x0000000704b00000, 0x0000000704b00000|
|  76|0x0000000704c00000, 0x0000000704d00000, 0x0000000704d00000|100%|HS|  |TS  0|AC  0|TAMS 0x0000000704c00000, 0x0000000704c00000|
|  77|0x0000000704d00000, 0x0000000704e00000, 0x0000000704e00000|100%|HC|  |TS  0|AC  0|TAMS 0x0000000704d00000, 0x0000000704d00000|
|  78|0x0000000704e00000, 0x0000000704f00000, 0x0000000704f00000|100%|HC|  |TS  0|AC  0|TAMS 0x0000000704e00000, 0x0000000704e00000|
|  79|0x0000000704f00000, 0x0000000705000000, 0x0000000705000000|100%|HC|  |TS  0|AC  0|TAMS 0x0000000704f00000, 0x0000000704f00000|
|  80|0x0000000705000000, 0x00000007050fffe8, 0x0000000705100000| 99%| O|  |TS  0|AC  0|TAMS 0x0000000705000000, 0x0000000705000000|
|  81|0x0000000705100000, 0x00000007051fffc8, 0x0000000705200000| 99%| O|  |TS  0|AC  0|TAMS 0x0000000705100000, 0x0000000705100000|
|  82|0x0000000705200000, 0x00000007052ffff0, 0x0000000705300000| 99%| O|  |TS  0|AC  0|TAMS 0x0000000705200000, 0x0000000705200000|
|  83|0x0000000705300000, 0x00000007053fffd8, 0x0000000705400000| 99%| O|  |TS  0|AC  0|TAMS 0x0000000705300000, 0x0000000705300000|
|  84|0x0000000705400000, 0x00000007054ffff8, 0x0000000705500000| 99%| O|  |TS  0|AC  0|TAMS 0x0000000705400000, 0x0000000705400000|
|  85|0x0000000705500000, 0x00000007055ffff0, 0x0000000705600000| 99%| O|  |TS  0|AC  0|TAMS 0x0000000705500000, 0x0000000705500000|
|  86|0x0000000705600000, 0x0000000705700000, 0x0000000705700000|100%| O|  |TS  0|AC  0|TAMS 0x0000000705600000, 0x0000000705600000|
|  87|0x0000000705700000, 0x00000007057fffe8, 0x0000000705800000| 99%| O|  |TS  0|AC  0|TAMS 0x0000000705700000, 0x0000000705700000|
|  88|0x0000000705800000, 0x00000007058fffd0, 0x0000000705900000| 99%| O|  |TS  0|AC  0|TAMS 0x0000000705800000, 0x0000000705800000|
|  89|0x0000000705900000, 0x00000007059ffff0, 0x0000000705a00000| 99%| O|  |TS  0|AC  0|TAMS 0x0000000705900000, 0x0000000705900000|
|  90|0x0000000705a00000, 0x0000000705afff38, 0x0000000705b00000| 99%| O|  |TS  0|AC  0|TAMS 0x0000000705a00000, 0x0000000705a00000|
|  91|0x0000000705b00000, 0x0000000705bfffc8, 0x0000000705c00000| 99%| O|  |TS  0|AC  0|TAMS 0x0000000705b00000, 0x0000000705b00000|
|  92|0x0000000705c00000, 0x0000000705d00000, 0x0000000705d00000|100%|HS|  |TS  0|AC  0|TAMS 0x0000000705c00000, 0x0000000705c00000|
|  93|0x0000000705d00000, 0x0000000705dfffa0, 0x0000000705e00000| 99%| O|  |TS  0|AC  0|TAMS 0x0000000705d00000, 0x0000000705d00000|
|  94|0x0000000705e00000, 0x0000000705f00000, 0x0000000705f00000|100%| O|  |TS  0|AC  0|TAMS 0x0000000705e00000, 0x0000000705e00000|
|  95|0x0000000705f00000, 0x0000000705fffff8, 0x0000000706000000| 99%| O|  |TS  0|AC  0|TAMS 0x0000000705f00000, 0x0000000705f00000|
|  96|0x0000000706000000, 0x00000007060ffe90, 0x0000000706100000| 99%| O|  |TS  0|AC  0|TAMS 0x0000000706000000, 0x0000000706000000|
|  97|0x0000000706100000, 0x0000000706172928, 0x0000000706200000| 44%| O|  |TS  0|AC  0|TAMS 0x0000000706100000, 0x0000000706100000|
|  98|0x0000000706200000, 0x0000000706300000, 0x0000000706300000|100%|HS|  |TS  0|AC  0|TAMS 0x0000000706200000, 0x0000000706200000|
|  99|0x0000000706300000, 0x0000000706400000, 0x0000000706400000|100%|HS|  |TS  0|AC  0|TAMS 0x0000000706300000, 0x0000000706300000|
| 100|0x0000000706400000, 0x0000000706400000, 0x0000000706500000|  0%| F|  |TS  0|AC  0|TAMS 0x0000000706400000, 0x0000000706400000|
| 101|0x0000000706500000, 0x0000000706500000, 0x0000000706600000|  0%| F|  |TS  0|AC  0|TAMS 0x0000000706500000, 0x0000000706500000|
| 102|0x0000000706600000, 0x0000000706600000, 0x0000000706700000|  0%| F|  |TS  0|AC  0|TAMS 0x0000000706600000, 0x0000000706600000|
| 103|0x0000000706700000, 0x0000000706700000, 0x0000000706800000|  0%| F|  |TS  0|AC  0|TAMS 0x0000000706700000, 0x0000000706700000|
| 104|0x0000000706800000, 0x0000000706800000, 0x0000000706900000|  0%| F|  |TS  0|AC  0|TAMS 0x0000000706800000, 0x0000000706800000|
| 105|0x0000000706900000, 0x0000000706900000, 0x0000000706a00000|  0%| F|  |TS  0|AC  0|TAMS 0x0000000706900000, 0x0000000706900000|
| 106|0x0000000706a00000, 0x0000000706a00000, 0x0000000706b00000|  0%| F|  |TS  0|AC  0|TAMS 0x0000000706a00000, 0x0000000706a00000|
| 107|0x0000000706b00000, 0x0000000706b00000, 0x0000000706c00000|  0%| F|  |TS  0|AC  0|TAMS 0x0000000706b00000, 0x0000000706b00000|
| 108|0x0000000706c00000, 0x0000000706c00000, 0x0000000706d00000|  0%| F|  |TS  0|AC  0|TAMS 0x0000000706c00000, 0x0000000706c00000|
| 109|0x0000000706d00000, 0x0000000706d00000, 0x0000000706e00000|  0%| F|  |TS  0|AC  0|TAMS 0x0000000706d00000, 0x0000000706d00000|
| 110|0x0000000706e00000, 0x0000000706e00000, 0x0000000706f00000|  0%| F|  |TS  0|AC  0|TAMS 0x0000000706e00000, 0x0000000706e00000|
| 111|0x0000000706f00000, 0x0000000706f00000, 0x0000000707000000|  0%| F|  |TS  0|AC  0|TAMS 0x0000000706f00000, 0x0000000706f00000|
| 112|0x0000000707000000, 0x0000000707000000, 0x0000000707100000|  0%| F|  |TS  0|AC  0|TAMS 0x0000000707000000, 0x0000000707000000|
| 113|0x0000000707100000, 0x0000000707100000, 0x0000000707200000|  0%| F|  |TS  0|AC  0|TAMS 0x0000000707100000, 0x0000000707100000|
| 114|0x0000000707200000, 0x0000000707200000, 0x0000000707300000|  0%| F|  |TS  0|AC  0|TAMS 0x0000000707200000, 0x0000000707200000|
| 115|0x0000000707300000, 0x0000000707300000, 0x0000000707400000|  0%| F|  |TS  0|AC  0|TAMS 0x0000000707300000, 0x0000000707300000|
| 116|0x0000000707400000, 0x0000000707400000, 0x0000000707500000|  0%| F|  |TS  0|AC  0|TAMS 0x0000000707400000, 0x0000000707400000|
| 117|0x0000000707500000, 0x0000000707500000, 0x0000000707600000|  0%| F|  |TS  0|AC  0|TAMS 0x0000000707500000, 0x0000000707500000|
| 118|0x0000000707600000, 0x0000000707600000, 0x0000000707700000|  0%| F|  |TS  0|AC  0|TAMS 0x0000000707600000, 0x0000000707600000|
| 119|0x0000000707700000, 0x0000000707700000, 0x0000000707800000|  0%| F|  |TS  0|AC  0|TAMS 0x0000000707700000, 0x0000000707700000|
| 120|0x0000000707800000, 0x0000000707800000, 0x0000000707900000|  0%| F|  |TS  0|AC  0|TAMS 0x0000000707800000, 0x0000000707800000|
| 121|0x0000000707900000, 0x0000000707900000, 0x0000000707a00000|  0%| F|  |TS  0|AC  0|TAMS 0x0000000707900000, 0x0000000707900000|
| 122|0x0000000707a00000, 0x0000000707a00000, 0x0000000707b00000|  0%| F|  |TS  0|AC  0|TAMS 0x0000000707a00000, 0x0000000707a00000|
| 123|0x0000000707b00000, 0x0000000707b00000, 0x0000000707c00000|  0%| F|  |TS  0|AC  0|TAMS 0x0000000707b00000, 0x0000000707b00000|
| 124|0x0000000707c00000, 0x0000000707c00000, 0x0000000707d00000|  0%| F|  |TS  0|AC  0|TAMS 0x0000000707c00000, 0x0000000707c00000|
| 125|0x0000000707d00000, 0x0000000707d00000, 0x0000000707e00000|  0%| F|  |TS  0|AC  0|TAMS 0x0000000707d00000, 0x0000000707d00000|
| 126|0x0000000707e00000, 0x0000000707e00000, 0x0000000707f00000|  0%| F|  |TS  0|AC  0|TAMS 0x0000000707e00000, 0x0000000707e00000|
| 127|0x0000000707f00000, 0x0000000707f00000, 0x0000000708000000|  0%| F|  |TS  0|AC  0|TAMS 0x0000000707f00000, 0x0000000707f00000|
| 128|0x0000000708000000, 0x0000000708000000, 0x0000000708100000|  0%| F|  |TS  0|AC  0|TAMS 0x0000000708000000, 0x0000000708000000|
| 129|0x0000000708100000, 0x0000000708100000, 0x0000000708200000|  0%| F|  |TS  0|AC  0|TAMS 0x0000000708100000, 0x0000000708100000|
| 130|0x0000000708200000, 0x0000000708200000, 0x0000000708300000|  0%| F|  |TS  0|AC  0|TAMS 0x0000000708200000, 0x0000000708200000|
| 131|0x0000000708300000, 0x0000000708300000, 0x0000000708400000|  0%| F|  |TS  0|AC  0|TAMS 0x0000000708300000, 0x0000000708300000|
| 132|0x0000000708400000, 0x0000000708400000, 0x0000000708500000|  0%| F|  |TS  0|AC  0|TAMS 0x0000000708400000, 0x0000000708400000|
| 133|0x0000000708500000, 0x0000000708500000, 0x0000000708600000|  0%| F|  |TS  0|AC  0|TAMS 0x0000000708500000, 0x0000000708500000|
| 134|0x0000000708600000, 0x0000000708600000, 0x0000000708700000|  0%| F|  |TS  0|AC  0|TAMS 0x0000000708600000, 0x0000000708600000|
| 135|0x0000000708700000, 0x0000000708700000, 0x0000000708800000|  0%| F|  |TS  0|AC  0|TAMS 0x0000000708700000, 0x0000000708700000|
| 136|0x0000000708800000, 0x0000000708800000, 0x0000000708900000|  0%| F|  |TS  0|AC  0|TAMS 0x0000000708800000, 0x0000000708800000|
| 137|0x0000000708900000, 0x0000000708900000, 0x0000000708a00000|  0%| F|  |TS  0|AC  0|TAMS 0x0000000708900000, 0x0000000708900000|
| 138|0x0000000708a00000, 0x0000000708a00000, 0x0000000708b00000|  0%| F|  |TS  0|AC  0|TAMS 0x0000000708a00000, 0x0000000708a00000|
| 139|0x0000000708b00000, 0x0000000708b00000, 0x0000000708c00000|  0%| F|  |TS  0|AC  0|TAMS 0x0000000708b00000, 0x0000000708b00000|
| 140|0x0000000708c00000, 0x0000000708c00000, 0x0000000708d00000|  0%| F|  |TS  0|AC  0|TAMS 0x0000000708c00000, 0x0000000708c00000|
| 141|0x0000000708d00000, 0x0000000708d00000, 0x0000000708e00000|  0%| F|  |TS  0|AC  0|TAMS 0x0000000708d00000, 0x0000000708d00000|
| 142|0x0000000708e00000, 0x0000000708e00000, 0x0000000708f00000|  0%| F|  |TS  0|AC  0|TAMS 0x0000000708e00000, 0x0000000708e00000|
| 143|0x0000000708f00000, 0x0000000708f00000, 0x0000000709000000|  0%| F|  |TS  0|AC  0|TAMS 0x0000000708f00000, 0x0000000708f00000|
| 144|0x0000000709000000, 0x0000000709000000, 0x0000000709100000|  0%| F|  |TS  0|AC  0|TAMS 0x0000000709000000, 0x0000000709000000|
| 145|0x0000000709100000, 0x0000000709100000, 0x0000000709200000|  0%| F|  |TS  0|AC  0|TAMS 0x0000000709100000, 0x0000000709100000|
| 146|0x0000000709200000, 0x0000000709200000, 0x0000000709300000|  0%| F|  |TS  0|AC  0|TAMS 0x0000000709200000, 0x0000000709200000|
| 147|0x0000000709300000, 0x0000000709300000, 0x0000000709400000|  0%| F|  |TS  0|AC  0|TAMS 0x0000000709300000, 0x0000000709300000|
| 148|0x0000000709400000, 0x0000000709400000, 0x0000000709500000|  0%| F|  |TS  0|AC  0|TAMS 0x0000000709400000, 0x0000000709400000|
| 149|0x0000000709500000, 0x0000000709500000, 0x0000000709600000|  0%| F|  |TS  0|AC  0|TAMS 0x0000000709500000, 0x0000000709500000|
| 150|0x0000000709600000, 0x0000000709600000, 0x0000000709700000|  0%| F|  |TS  0|AC  0|TAMS 0x0000000709600000, 0x0000000709600000|
| 151|0x0000000709700000, 0x0000000709700000, 0x0000000709800000|  0%| F|  |TS  0|AC  0|TAMS 0x0000000709700000, 0x0000000709700000|
| 152|0x0000000709800000, 0x0000000709800000, 0x0000000709900000|  0%| F|  |TS  0|AC  0|TAMS 0x0000000709800000, 0x0000000709800000|
| 153|0x0000000709900000, 0x0000000709900000, 0x0000000709a00000|  0%| F|  |TS  0|AC  0|TAMS 0x0000000709900000, 0x0000000709900000|
| 154|0x0000000709a00000, 0x0000000709a00000, 0x0000000709b00000|  0%| F|  |TS  0|AC  0|TAMS 0x0000000709a00000, 0x0000000709a00000|
| 155|0x0000000709b00000, 0x0000000709b00000, 0x0000000709c00000|  0%| F|  |TS  0|AC  0|TAMS 0x0000000709b00000, 0x0000000709b00000|
| 156|0x0000000709c00000, 0x0000000709c00000, 0x0000000709d00000|  0%| F|  |TS  0|AC  0|TAMS 0x0000000709c00000, 0x0000000709c00000|
| 157|0x0000000709d00000, 0x0000000709d00000, 0x0000000709e00000|  0%| F|  |TS  0|AC  0|TAMS 0x0000000709d00000, 0x0000000709d00000|
| 158|0x0000000709e00000, 0x0000000709e00000, 0x0000000709f00000|  0%| F|  |TS  0|AC  0|TAMS 0x0000000709e00000, 0x0000000709e00000|
| 159|0x0000000709f00000, 0x0000000709f00000, 0x000000070a000000|  0%| F|  |TS  0|AC  0|TAMS 0x0000000709f00000, 0x0000000709f00000|
| 160|0x000000070a000000, 0x000000070a000000, 0x000000070a100000|  0%| F|  |TS  0|AC  0|TAMS 0x000000070a000000, 0x000000070a000000|
| 161|0x000000070a100000, 0x000000070a100000, 0x000000070a200000|  0%| F|  |TS  0|AC  0|TAMS 0x000000070a100000, 0x000000070a100000|
| 162|0x000000070a200000, 0x000000070a200000, 0x000000070a300000|  0%| F|  |TS  0|AC  0|TAMS 0x000000070a200000, 0x000000070a200000|
| 163|0x000000070a300000, 0x000000070a300000, 0x000000070a400000|  0%| F|  |TS  0|AC  0|TAMS 0x000000070a300000, 0x000000070a300000|
| 164|0x000000070a400000, 0x000000070a400000, 0x000000070a500000|  0%| F|  |TS  0|AC  0|TAMS 0x000000070a400000, 0x000000070a400000|
| 165|0x000000070a500000, 0x000000070a500000, 0x000000070a600000|  0%| F|  |TS  0|AC  0|TAMS 0x000000070a500000, 0x000000070a500000|
| 166|0x000000070a600000, 0x000000070a600000, 0x000000070a700000|  0%| F|  |TS  0|AC  0|TAMS 0x000000070a600000, 0x000000070a600000|
| 167|0x000000070a700000, 0x000000070a700000, 0x000000070a800000|  0%| F|  |TS  0|AC  0|TAMS 0x000000070a700000, 0x000000070a700000|
| 168|0x000000070a800000, 0x000000070a800000, 0x000000070a900000|  0%| F|  |TS  0|AC  0|TAMS 0x000000070a800000, 0x000000070a800000|
| 169|0x000000070a900000, 0x000000070a900000, 0x000000070aa00000|  0%| F|  |TS  0|AC  0|TAMS 0x000000070a900000, 0x000000070a900000|
| 170|0x000000070aa00000, 0x000000070aa00000, 0x000000070ab00000|  0%| F|  |TS  0|AC  0|TAMS 0x000000070aa00000, 0x000000070aa00000|
| 171|0x000000070ab00000, 0x000000070ab00000, 0x000000070ac00000|  0%| F|  |TS  0|AC  0|TAMS 0x000000070ab00000, 0x000000070ab00000|
| 172|0x000000070ac00000, 0x000000070ac00000, 0x000000070ad00000|  0%| F|  |TS  0|AC  0|TAMS 0x000000070ac00000, 0x000000070ac00000|
| 173|0x000000070ad00000, 0x000000070ad00000, 0x000000070ae00000|  0%| F|  |TS  0|AC  0|TAMS 0x000000070ad00000, 0x000000070ad00000|
| 174|0x000000070ae00000, 0x000000070ae00000, 0x000000070af00000|  0%| F|  |TS  0|AC  0|TAMS 0x000000070ae00000, 0x000000070ae00000|
| 175|0x000000070af00000, 0x000000070af00000, 0x000000070b000000|  0%| F|  |TS  0|AC  0|TAMS 0x000000070af00000, 0x000000070af00000|
| 176|0x000000070b000000, 0x000000070b000000, 0x000000070b100000|  0%| F|  |TS  0|AC  0|TAMS 0x000000070b000000, 0x000000070b000000|
| 177|0x000000070b100000, 0x000000070b100000, 0x000000070b200000|  0%| F|  |TS  0|AC  0|TAMS 0x000000070b100000, 0x000000070b100000|
| 178|0x000000070b200000, 0x000000070b200000, 0x000000070b300000|  0%| F|  |TS  0|AC  0|TAMS 0x000000070b200000, 0x000000070b200000|
| 179|0x000000070b300000, 0x000000070b300000, 0x000000070b400000|  0%| F|  |TS  0|AC  0|TAMS 0x000000070b300000, 0x000000070b300000|
| 180|0x000000070b400000, 0x000000070b400000, 0x000000070b500000|  0%| F|  |TS  0|AC  0|TAMS 0x000000070b400000, 0x000000070b400000|
| 181|0x000000070b500000, 0x000000070b500000, 0x000000070b600000|  0%| F|  |TS  0|AC  0|TAMS 0x000000070b500000, 0x000000070b500000|
| 182|0x000000070b600000, 0x000000070b600000, 0x000000070b700000|  0%| F|  |TS  0|AC  0|TAMS 0x000000070b600000, 0x000000070b600000|
| 183|0x000000070b700000, 0x000000070b700000, 0x000000070b800000|  0%| F|  |TS  0|AC  0|TAMS 0x000000070b700000, 0x000000070b700000|
| 184|0x000000070b800000, 0x000000070b800000, 0x000000070b900000|  0%| F|  |TS  0|AC  0|TAMS 0x000000070b800000, 0x000000070b800000|
| 185|0x000000070b900000, 0x000000070b900000, 0x000000070ba00000|  0%| F|  |TS  0|AC  0|TAMS 0x000000070b900000, 0x000000070b900000|
| 186|0x000000070ba00000, 0x000000070ba00000, 0x000000070bb00000|  0%| F|  |TS  0|AC  0|TAMS 0x000000070ba00000, 0x000000070ba00000|
| 187|0x000000070bb00000, 0x000000070bb00000, 0x000000070bc00000|  0%| F|  |TS  0|AC  0|TAMS 0x000000070bb00000, 0x000000070bb00000|
| 188|0x000000070bc00000, 0x000000070bc00000, 0x000000070bd00000|  0%| F|  |TS  0|AC  0|TAMS 0x000000070bc00000, 0x000000070bc00000|
| 189|0x000000070bd00000, 0x000000070bd00000, 0x000000070be00000|  0%| F|  |TS  0|AC  0|TAMS 0x000000070bd00000, 0x000000070bd00000|
| 190|0x000000070be00000, 0x000000070be00000, 0x000000070bf00000|  0%| F|  |TS  0|AC  0|TAMS 0x000000070be00000, 0x000000070be00000|
| 191|0x000000070bf00000, 0x000000070bf00000, 0x000000070c000000|  0%| F|  |TS  0|AC  0|TAMS 0x000000070bf00000, 0x000000070bf00000|
| 192|0x000000070c000000, 0x000000070c000000, 0x000000070c100000|  0%| F|  |TS  0|AC  0|TAMS 0x000000070c000000, 0x000000070c000000|
| 193|0x000000070c100000, 0x000000070c100000, 0x000000070c200000|  0%| F|  |TS  0|AC  0|TAMS 0x000000070c100000, 0x000000070c100000|
| 194|0x000000070c200000, 0x000000070c200000, 0x000000070c300000|  0%| F|  |TS  0|AC  0|TAMS 0x000000070c200000, 0x000000070c200000|
| 195|0x000000070c300000, 0x000000070c300000, 0x000000070c400000|  0%| F|  |TS  0|AC  0|TAMS 0x000000070c300000, 0x000000070c300000|
| 196|0x000000070c400000, 0x000000070c400000, 0x000000070c500000|  0%| F|  |TS  0|AC  0|TAMS 0x000000070c400000, 0x000000070c400000|
| 197|0x000000070c500000, 0x000000070c500000, 0x000000070c600000|  0%| F|  |TS  0|AC  0|TAMS 0x000000070c500000, 0x000000070c500000|
| 198|0x000000070c600000, 0x000000070c600000, 0x000000070c700000|  0%| F|  |TS  0|AC  0|TAMS 0x000000070c600000, 0x000000070c600000|
| 199|0x000000070c700000, 0x000000070c700000, 0x000000070c800000|  0%| F|  |TS  0|AC  0|TAMS 0x000000070c700000, 0x000000070c700000|
| 200|0x000000070c800000, 0x000000070c800000, 0x000000070c900000|  0%| F|  |TS  0|AC  0|TAMS 0x000000070c800000, 0x000000070c800000|
| 201|0x000000070c900000, 0x000000070c900000, 0x000000070ca00000|  0%| F|  |TS  0|AC  0|TAMS 0x000000070c900000, 0x000000070c900000|
| 202|0x000000070ca00000, 0x000000070ca00000, 0x000000070cb00000|  0%| F|  |TS  0|AC  0|TAMS 0x000000070ca00000, 0x000000070ca00000|
| 203|0x000000070cb00000, 0x000000070cb00000, 0x000000070cc00000|  0%| F|  |TS  0|AC  0|TAMS 0x000000070cb00000, 0x000000070cb00000|
| 204|0x000000070cc00000, 0x000000070cc00000, 0x000000070cd00000|  0%| F|  |TS  0|AC  0|TAMS 0x000000070cc00000, 0x000000070cc00000|
| 205|0x000000070cd00000, 0x000000070cd00000, 0x000000070ce00000|  0%| F|  |TS  0|AC  0|TAMS 0x000000070cd00000, 0x000000070cd00000|
| 206|0x000000070ce00000, 0x000000070ce00000, 0x000000070cf00000|  0%| F|  |TS  0|AC  0|TAMS 0x000000070ce00000, 0x000000070ce00000|
| 207|0x000000070cf00000, 0x000000070cf00000, 0x000000070d000000|  0%| F|  |TS  0|AC  0|TAMS 0x000000070cf00000, 0x000000070cf00000|
| 208|0x000000070d000000, 0x000000070d000000, 0x000000070d100000|  0%| F|  |TS  0|AC  0|TAMS 0x000000070d000000, 0x000000070d000000|
| 209|0x000000070d100000, 0x000000070d100000, 0x000000070d200000|  0%| F|  |TS  0|AC  0|TAMS 0x000000070d100000, 0x000000070d100000|
| 210|0x000000070d200000, 0x000000070d200000, 0x000000070d300000|  0%| F|  |TS  0|AC  0|TAMS 0x000000070d200000, 0x000000070d200000|
| 211|0x000000070d300000, 0x000000070d300000, 0x000000070d400000|  0%| F|  |TS  0|AC  0|TAMS 0x000000070d300000, 0x000000070d300000|
| 212|0x000000070d400000, 0x000000070d400000, 0x000000070d500000|  0%| F|  |TS  0|AC  0|TAMS 0x000000070d400000, 0x000000070d400000|
| 213|0x000000070d500000, 0x000000070d500000, 0x000000070d600000|  0%| F|  |TS  0|AC  0|TAMS 0x000000070d500000, 0x000000070d500000|
| 214|0x000000070d600000, 0x000000070d600000, 0x000000070d700000|  0%| F|  |TS  0|AC  0|TAMS 0x000000070d600000, 0x000000070d600000|
| 215|0x000000070d700000, 0x000000070d700000, 0x000000070d800000|  0%| F|  |TS  0|AC  0|TAMS 0x000000070d700000, 0x000000070d700000|
| 216|0x000000070d800000, 0x000000070d800000, 0x000000070d900000|  0%| F|  |TS  0|AC  0|TAMS 0x000000070d800000, 0x000000070d800000|
| 217|0x000000070d900000, 0x000000070d900000, 0x000000070da00000|  0%| F|  |TS  0|AC  0|TAMS 0x000000070d900000, 0x000000070d900000|
| 218|0x000000070da00000, 0x000000070da00000, 0x000000070db00000|  0%| F|  |TS  0|AC  0|TAMS 0x000000070da00000, 0x000000070da00000|
| 219|0x000000070db00000, 0x000000070db00000, 0x000000070dc00000|  0%| F|  |TS  0|AC  0|TAMS 0x000000070db00000, 0x000000070db00000|
| 220|0x000000070dc00000, 0x000000070dc00000, 0x000000070dd00000|  0%| F|  |TS  0|AC  0|TAMS 0x000000070dc00000, 0x000000070dc00000|
| 221|0x000000070dd00000, 0x000000070dd00000, 0x000000070de00000|  0%| F|  |TS  0|AC  0|TAMS 0x000000070dd00000, 0x000000070dd00000|
| 222|0x000000070de00000, 0x000000070de00000, 0x000000070df00000|  0%| F|  |TS  0|AC  0|TAMS 0x000000070de00000, 0x000000070de00000|
| 223|0x000000070df00000, 0x000000070df00000, 0x000000070e000000|  0%| F|  |TS  0|AC  0|TAMS 0x000000070df00000, 0x000000070df00000|
| 224|0x000000070e000000, 0x000000070e000000, 0x000000070e100000|  0%| F|  |TS  0|AC  0|TAMS 0x000000070e000000, 0x000000070e000000|
| 225|0x000000070e100000, 0x000000070e100000, 0x000000070e200000|  0%| F|  |TS  0|AC  0|TAMS 0x000000070e100000, 0x000000070e100000|
| 226|0x000000070e200000, 0x000000070e200000, 0x000000070e300000|  0%| F|  |TS  0|AC  0|TAMS 0x000000070e200000, 0x000000070e200000|
| 227|0x000000070e300000, 0x000000070e300000, 0x000000070e400000|  0%| F|  |TS  0|AC  0|TAMS 0x000000070e300000, 0x000000070e300000|
| 228|0x000000070e400000, 0x000000070e400000, 0x000000070e500000|  0%| F|  |TS  0|AC  0|TAMS 0x000000070e400000, 0x000000070e400000|
| 229|0x000000070e500000, 0x000000070e500000, 0x000000070e600000|  0%| F|  |TS  0|AC  0|TAMS 0x000000070e500000, 0x000000070e500000|
| 230|0x000000070e600000, 0x000000070e600000, 0x000000070e700000|  0%| F|  |TS  0|AC  0|TAMS 0x000000070e600000, 0x000000070e600000|
| 231|0x000000070e700000, 0x000000070e700000, 0x000000070e800000|  0%| F|  |TS  0|AC  0|TAMS 0x000000070e700000, 0x000000070e700000|
| 232|0x000000070e800000, 0x000000070e800000, 0x000000070e900000|  0%| F|  |TS  0|AC  0|TAMS 0x000000070e800000, 0x000000070e800000|
| 233|0x000000070e900000, 0x000000070e900000, 0x000000070ea00000|  0%| F|  |TS  0|AC  0|TAMS 0x000000070e900000, 0x000000070e900000|
| 234|0x000000070ea00000, 0x000000070ea00000, 0x000000070eb00000|  0%| F|  |TS  0|AC  0|TAMS 0x000000070ea00000, 0x000000070ea00000|
| 235|0x000000070eb00000, 0x000000070eb00000, 0x000000070ec00000|  0%| F|  |TS  0|AC  0|TAMS 0x000000070eb00000, 0x000000070eb00000|
| 236|0x000000070ec00000, 0x000000070ec00000, 0x000000070ed00000|  0%| F|  |TS  0|AC  0|TAMS 0x000000070ec00000, 0x000000070ec00000|
| 237|0x000000070ed00000, 0x000000070ed00000, 0x000000070ee00000|  0%| F|  |TS  0|AC  0|TAMS 0x000000070ed00000, 0x000000070ed00000|
| 238|0x000000070ee00000, 0x000000070ee00000, 0x000000070ef00000|  0%| F|  |TS  0|AC  0|TAMS 0x000000070ee00000, 0x000000070ee00000|
| 239|0x000000070ef00000, 0x000000070ef00000, 0x000000070f000000|  0%| F|  |TS  0|AC  0|TAMS 0x000000070ef00000, 0x000000070ef00000|
| 240|0x000000070f000000, 0x000000070f000000, 0x000000070f100000|  0%| F|  |TS  0|AC  0|TAMS 0x000000070f000000, 0x000000070f000000|
| 241|0x000000070f100000, 0x000000070f100000, 0x000000070f200000|  0%| F|  |TS  0|AC  0|TAMS 0x000000070f100000, 0x000000070f100000|
| 242|0x000000070f200000, 0x000000070f200000, 0x000000070f300000|  0%| F|  |TS  0|AC  0|TAMS 0x000000070f200000, 0x000000070f200000|
| 243|0x000000070f300000, 0x000000070f300000, 0x000000070f400000|  0%| F|  |TS  0|AC  0|TAMS 0x000000070f300000, 0x000000070f300000|
| 244|0x000000070f400000, 0x000000070f400000, 0x000000070f500000|  0%| F|  |TS  0|AC  0|TAMS 0x000000070f400000, 0x000000070f400000|
| 245|0x000000070f500000, 0x000000070f5b9f10, 0x000000070f600000| 72%| S|CS|TS  9|AC  0|TAMS 0x000000070f500000, 0x000000070f500000|
| 246|0x000000070f600000, 0x000000070f600000, 0x000000070f700000|  0%| F|  |TS  9|AC  0|TAMS 0x000000070f600000, 0x000000070f600000|
| 247|0x000000070f700000, 0x000000070f700000, 0x000000070f800000|  0%| F|  |TS  9|AC  0|TAMS 0x000000070f700000, 0x000000070f700000|
| 248|0x000000070f800000, 0x000000070f800000, 0x000000070f900000|  0%| F|  |TS  9|AC  0|TAMS 0x000000070f800000, 0x000000070f800000|
| 249|0x000000070f900000, 0x000000070f900000, 0x000000070fa00000|  0%| F|  |TS  9|AC  0|TAMS 0x000000070f900000, 0x000000070f900000|
| 250|0x000000070fa00000, 0x000000070fa00000, 0x000000070fb00000|  0%| F|  |TS  9|AC  0|TAMS 0x000000070fa00000, 0x000000070fa00000|
| 251|0x000000070fb00000, 0x000000070fb00000, 0x000000070fc00000|  0%| F|  |TS  9|AC  0|TAMS 0x000000070fb00000, 0x000000070fb00000|
| 252|0x000000070fc00000, 0x000000070fc00000, 0x000000070fd00000|  0%| F|  |TS  9|AC  0|TAMS 0x000000070fc00000, 0x000000070fc00000|
| 253|0x000000070fd00000, 0x000000070fd00000, 0x000000070fe00000|  0%| F|  |TS  9|AC  0|TAMS 0x000000070fd00000, 0x000000070fd00000|
| 254|0x000000070fe00000, 0x000000070fe00000, 0x000000070ff00000|  0%| F|  |TS  9|AC  0|TAMS 0x000000070fe00000, 0x000000070fe00000|
| 255|0x000000070ff00000, 0x000000070ff00000, 0x0000000710000000|  0%| F|  |TS  9|AC  0|TAMS 0x000000070ff00000, 0x000000070ff00000|
| 256|0x0000000710000000, 0x0000000710000000, 0x0000000710100000|  0%| F|  |TS  9|AC  0|TAMS 0x0000000710000000, 0x0000000710000000|
| 257|0x0000000710100000, 0x0000000710100000, 0x0000000710200000|  0%| F|  |TS  9|AC  0|TAMS 0x0000000710100000, 0x0000000710100000|
| 258|0x0000000710200000, 0x0000000710200000, 0x0000000710300000|  0%| F|  |TS  9|AC  0|TAMS 0x0000000710200000, 0x0000000710200000|
| 259|0x0000000710300000, 0x0000000710300000, 0x0000000710400000|  0%| F|  |TS  9|AC  0|TAMS 0x0000000710300000, 0x0000000710300000|
| 260|0x0000000710400000, 0x0000000710400000, 0x0000000710500000|  0%| F|  |TS  9|AC  0|TAMS 0x0000000710400000, 0x0000000710400000|
| 261|0x0000000710500000, 0x0000000710500000, 0x0000000710600000|  0%| F|  |TS  9|AC  0|TAMS 0x0000000710500000, 0x0000000710500000|
| 262|0x0000000710600000, 0x0000000710600000, 0x0000000710700000|  0%| F|  |TS  9|AC  0|TAMS 0x0000000710600000, 0x0000000710600000|
| 263|0x0000000710700000, 0x0000000710700000, 0x0000000710800000|  0%| F|  |TS  9|AC  0|TAMS 0x0000000710700000, 0x0000000710700000|
| 264|0x0000000710800000, 0x0000000710800000, 0x0000000710900000|  0%| F|  |TS  9|AC  0|TAMS 0x0000000710800000, 0x0000000710800000|
| 265|0x0000000710900000, 0x0000000710900000, 0x0000000710a00000|  0%| F|  |TS  9|AC  0|TAMS 0x0000000710900000, 0x0000000710900000|
| 266|0x0000000710a00000, 0x0000000710a00000, 0x0000000710b00000|  0%| F|  |TS  9|AC  0|TAMS 0x0000000710a00000, 0x0000000710a00000|
| 267|0x0000000710b00000, 0x0000000710b00000, 0x0000000710c00000|  0%| F|  |TS  9|AC  0|TAMS 0x0000000710b00000, 0x0000000710b00000|
| 268|0x0000000710c00000, 0x0000000710c00000, 0x0000000710d00000|  0%| F|  |TS  9|AC  0|TAMS 0x0000000710c00000, 0x0000000710c00000|
| 269|0x0000000710d00000, 0x0000000710d00000, 0x0000000710e00000|  0%| F|  |TS  9|AC  0|TAMS 0x0000000710d00000, 0x0000000710d00000|
| 270|0x0000000710e00000, 0x0000000710e00000, 0x0000000710f00000|  0%| F|  |TS  9|AC  0|TAMS 0x0000000710e00000, 0x0000000710e00000|
| 271|0x0000000710f00000, 0x0000000710f00000, 0x0000000711000000|  0%| F|  |TS  9|AC  0|TAMS 0x0000000710f00000, 0x0000000710f00000|
| 272|0x0000000711000000, 0x0000000711000000, 0x0000000711100000|  0%| F|  |TS  9|AC  0|TAMS 0x0000000711000000, 0x0000000711000000|
| 273|0x0000000711100000, 0x0000000711100000, 0x0000000711200000|  0%| F|  |TS  9|AC  0|TAMS 0x0000000711100000, 0x0000000711100000|
| 274|0x0000000711200000, 0x0000000711200000, 0x0000000711300000|  0%| F|  |TS  9|AC  0|TAMS 0x0000000711200000, 0x0000000711200000|
| 275|0x0000000711300000, 0x0000000711300000, 0x0000000711400000|  0%| F|  |TS  9|AC  0|TAMS 0x0000000711300000, 0x0000000711300000|
| 276|0x0000000711400000, 0x00000007114114b0, 0x0000000711500000|  6%| E|  |TS  9|AC  0|TAMS 0x0000000711400000, 0x0000000711400000|
| 277|0x0000000711500000, 0x0000000711600000, 0x0000000711600000|100%| E|CS|TS  9|AC  0|TAMS 0x0000000711500000, 0x0000000711500000|
| 278|0x0000000711600000, 0x0000000711700000, 0x0000000711700000|100%| E|CS|TS  9|AC  0|TAMS 0x0000000711600000, 0x0000000711600000|
| 279|0x0000000711700000, 0x0000000711800000, 0x0000000711800000|100%| E|CS|TS  9|AC  0|TAMS 0x0000000711700000, 0x0000000711700000|
| 280|0x0000000711800000, 0x0000000711900000, 0x0000000711900000|100%| E|CS|TS  9|AC  0|TAMS 0x0000000711800000, 0x0000000711800000|
| 281|0x0000000711900000, 0x0000000711a00000, 0x0000000711a00000|100%| E|CS|TS  9|AC  0|TAMS 0x0000000711900000, 0x0000000711900000|
| 282|0x0000000711a00000, 0x0000000711b00000, 0x0000000711b00000|100%| E|CS|TS  9|AC  0|TAMS 0x0000000711a00000, 0x0000000711a00000|
| 283|0x0000000711b00000, 0x0000000711c00000, 0x0000000711c00000|100%| E|CS|TS  9|AC  0|TAMS 0x0000000711b00000, 0x0000000711b00000|
| 284|0x0000000711c00000, 0x0000000711d00000, 0x0000000711d00000|100%| E|CS|TS  9|AC  0|TAMS 0x0000000711c00000, 0x0000000711c00000|
| 285|0x0000000711d00000, 0x0000000711e00000, 0x0000000711e00000|100%| E|CS|TS  9|AC  0|TAMS 0x0000000711d00000, 0x0000000711d00000|
| 286|0x0000000711e00000, 0x0000000711f00000, 0x0000000711f00000|100%| E|CS|TS  9|AC  0|TAMS 0x0000000711e00000, 0x0000000711e00000|
| 287|0x0000000711f00000, 0x0000000712000000, 0x0000000712000000|100%| E|CS|TS  9|AC  0|TAMS 0x0000000711f00000, 0x0000000711f00000|
| 288|0x0000000712000000, 0x0000000712100000, 0x0000000712100000|100%| E|CS|TS  9|AC  0|TAMS 0x0000000712000000, 0x0000000712000000|
| 289|0x0000000712100000, 0x0000000712200000, 0x0000000712200000|100%| E|CS|TS  9|AC  0|TAMS 0x0000000712100000, 0x0000000712100000|
| 290|0x0000000712200000, 0x0000000712300000, 0x0000000712300000|100%| E|CS|TS  9|AC  0|TAMS 0x0000000712200000, 0x0000000712200000|
| 291|0x0000000712300000, 0x0000000712400000, 0x0000000712400000|100%| E|CS|TS  9|AC  0|TAMS 0x0000000712300000, 0x0000000712300000|
| 292|0x0000000712400000, 0x0000000712500000, 0x0000000712500000|100%| E|CS|TS  9|AC  0|TAMS 0x0000000712400000, 0x0000000712400000|
| 293|0x0000000712500000, 0x0000000712600000, 0x0000000712600000|100%| E|CS|TS  9|AC  0|TAMS 0x0000000712500000, 0x0000000712500000|
| 294|0x0000000712600000, 0x0000000712700000, 0x0000000712700000|100%| E|CS|TS  9|AC  0|TAMS 0x0000000712600000, 0x0000000712600000|
| 295|0x0000000712700000, 0x0000000712800000, 0x0000000712800000|100%| E|CS|TS  9|AC  0|TAMS 0x0000000712700000, 0x0000000712700000|
| 296|0x0000000712800000, 0x0000000712900000, 0x0000000712900000|100%| E|CS|TS  9|AC  0|TAMS 0x0000000712800000, 0x0000000712800000|
| 297|0x0000000712900000, 0x0000000712a00000, 0x0000000712a00000|100%| E|CS|TS  9|AC  0|TAMS 0x0000000712900000, 0x0000000712900000|
| 298|0x0000000712a00000, 0x0000000712b00000, 0x0000000712b00000|100%| E|CS|TS  9|AC  0|TAMS 0x0000000712a00000, 0x0000000712a00000|
| 299|0x0000000712b00000, 0x0000000712c00000, 0x0000000712c00000|100%| E|CS|TS  9|AC  0|TAMS 0x0000000712b00000, 0x0000000712b00000|
| 300|0x0000000712c00000, 0x0000000712d00000, 0x0000000712d00000|100%| E|CS|TS  9|AC  0|TAMS 0x0000000712c00000, 0x0000000712c00000|
| 301|0x0000000712d00000, 0x0000000712e00000, 0x0000000712e00000|100%| E|CS|TS  9|AC  0|TAMS 0x0000000712d00000, 0x0000000712d00000|
| 302|0x0000000712e00000, 0x0000000712f00000, 0x0000000712f00000|100%| E|CS|TS  9|AC  0|TAMS 0x0000000712e00000, 0x0000000712e00000|
| 303|0x0000000712f00000, 0x0000000713000000, 0x0000000713000000|100%| E|CS|TS  9|AC  0|TAMS 0x0000000712f00000, 0x0000000712f00000|
| 304|0x0000000713000000, 0x0000000713100000, 0x0000000713100000|100%| E|CS|TS  9|AC  0|TAMS 0x0000000713000000, 0x0000000713000000|
| 305|0x0000000713100000, 0x0000000713200000, 0x0000000713200000|100%| E|CS|TS  9|AC  0|TAMS 0x0000000713100000, 0x0000000713100000|

Card table byte_map: [0x00000200b8300000,0x00000200b8900000] byte_map_base: 0x00000200b4b00000

Marking Bits (Prev, Next): (CMBitMap*) 0x00000200bb74e758, (CMBitMap*) 0x00000200bb74e720
 Prev Bits: [0x00000200c2af0000, 0x00000200c5af0000)
 Next Bits: [0x00000200bfaf0000, 0x00000200c2af0000)

Polling page: 0x000002009c7f0000

CodeHeap 'non-profiled nmethods': size=120000Kb used=27348Kb max_used=27348Kb free=92651Kb
 bounds [0x00000200afe90000, 0x00000200b1950000, 0x00000200b73c0000]
CodeHeap 'profiled nmethods': size=120000Kb used=43217Kb max_used=43634Kb free=76782Kb
 bounds [0x00000200a8960000, 0x00000200ab4b0000, 0x00000200afe90000]
CodeHeap 'non-nmethods': size=5760Kb used=1815Kb max_used=1871Kb free=3944Kb
 bounds [0x00000200a83c0000, 0x00000200a8630000, 0x00000200a8960000]
 total_blobs=40563 nmethods=19793 adapters=1151
 compilation: enabled

Compilation events (10 events):
Event: 85353.638 Thread 0x00000200bb867000 nmethod 27213 0x00000200aa735190 code [0x00000200aa735460, 0x00000200aa7367a0]
Event: 85353.638 Thread 0x00000200bb867000 27214       3       com.sun.org.apache.xml.internal.serializer.Encodings$EncodingInfos::findEncoding (52 bytes)
Event: 85353.638 Thread 0x00000200bb867000 nmethod 27214 0x00000200a9e9da90 code [0x00000200a9e9dc80, 0x00000200a9e9e390]
Event: 85354.664 Thread 0x00000200ba228000 27215       4       ui.utils.i.j.al::tableChanged (47 bytes)
Event: 85354.669 Thread 0x00000200ba228000 nmethod 27215 0x00000200b193aa90 code [0x00000200b193ac80, 0x00000200b193b110]
Event: 85354.999 Thread 0x00000200bb867000 27216       3       com.jidesoft.plaf.basic.BasicJideLabelUI::propertyChange (74 bytes)
Event: 85354.999 Thread 0x00000200bb867000 nmethod 27216 0x00000200a9ee5e90 code [0x00000200a9ee60c0, 0x00000200a9ee6c00]
Event: 85355.689 Thread 0x00000200bb865800 27217       4       javax.swing.text.GlyphView::paintTextUsingColor (282 bytes)
Event: 85355.693 Thread 0x00000200bb866000 27218   !   4       de.javasoft.plaf.synthetica.painter.MenuPainter::paintMenuBackground (924 bytes)
Event: 85355.711 Thread 0x00000200bb865800 nmethod 27217 0x00000200b193b510 code [0x00000200b193b840, 0x00000200b193c908]

GC Heap History (10 events):
Event: 85342.360 GC heap before
{Heap before GC invocations=1404 (full 312):
 garbage-first heap   total 313344K, used 163075K [0x0000000700000000, 0x0000000700100990, 0x00000007c0000000)
  region size 1024K, 60 young (61440K), 0 survivors (0K)
 Metaspace       used 89286K, capacity 91139K, committed 98200K, reserved 1132544K
  class space    used 12361K, capacity 12763K, committed 14232K, reserved 1048576K
}
Event: 85342.363 GC heap after
{Heap after GC invocations=1405 (full 312):
 garbage-first heap   total 313344K, used 102019K [0x0000000700000000, 0x0000000700100990, 0x00000007c0000000)
  region size 1024K, 1 young (1024K), 1 survivors (1024K)
 Metaspace       used 89286K, capacity 91139K, committed 98200K, reserved 1132544K
  class space    used 12361K, capacity 12763K, committed 14232K, reserved 1048576K
}
Event: 85352.743 GC heap before
{Heap before GC invocations=1405 (full 312):
 garbage-first heap   total 313344K, used 162435K [0x0000000700000000, 0x0000000700100990, 0x00000007c0000000)
  region size 1024K, 60 young (61440K), 1 survivors (1024K)
 Metaspace       used 89286K, capacity 91139K, committed 98200K, reserved 1132544K
  class space    used 12361K, capacity 12763K, committed 14232K, reserved 1048576K
}
Event: 85352.746 GC heap after
{Heap after GC invocations=1406 (full 312):
 garbage-first heap   total 313344K, used 102051K [0x0000000700000000, 0x0000000700100990, 0x00000007c0000000)
  region size 1024K, 1 young (1024K), 1 survivors (1024K)
 Metaspace       used 89286K, capacity 91139K, committed 98200K, reserved 1132544K
  class space    used 12361K, capacity 12763K, committed 14232K, reserved 1048576K
}
Event: 85352.981 GC heap before
{Heap before GC invocations=1406 (full 312):
 garbage-first heap   total 313344K, used 162467K [0x0000000700000000, 0x0000000700100990, 0x00000007c0000000)
  region size 1024K, 60 young (61440K), 1 survivors (1024K)
 Metaspace       used 89287K, capacity 91139K, committed 98200K, reserved 1132544K
  class space    used 12361K, capacity 12763K, committed 14232K, reserved 1048576K
}
Event: 85352.985 GC heap after
{Heap after GC invocations=1407 (full 312):
 garbage-first heap   total 313344K, used 102153K [0x0000000700000000, 0x0000000700100990, 0x00000007c0000000)
  region size 1024K, 1 young (1024K), 1 survivors (1024K)
 Metaspace       used 89287K, capacity 91139K, committed 98200K, reserved 1132544K
  class space    used 12361K, capacity 12763K, committed 14232K, reserved 1048576K
}
Event: 85353.603 GC heap before
{Heap before GC invocations=1407 (full 312):
 garbage-first heap   total 313344K, used 162569K [0x0000000700000000, 0x0000000700100990, 0x00000007c0000000)
  region size 1024K, 60 young (61440K), 1 survivors (1024K)
 Metaspace       used 89289K, capacity 91139K, committed 98200K, reserved 1132544K
  class space    used 12361K, capacity 12763K, committed 14232K, reserved 1048576K
}
Event: 85353.607 GC heap after
{Heap after GC invocations=1408 (full 312):
 garbage-first heap   total 313344K, used 102284K [0x0000000700000000, 0x0000000700100990, 0x00000007c0000000)
  region size 1024K, 1 young (1024K), 1 survivors (1024K)
 Metaspace       used 89289K, capacity 91139K, committed 98200K, reserved 1132544K
  class space    used 12361K, capacity 12763K, committed 14232K, reserved 1048576K
}
Event: 85355.551 GC heap before
{Heap before GC invocations=1408 (full 312):
 garbage-first heap   total 313344K, used 162700K [0x0000000700000000, 0x0000000700100990, 0x00000007c0000000)
  region size 1024K, 60 young (61440K), 1 survivors (1024K)
 Metaspace       used 89298K, capacity 91139K, committed 98200K, reserved 1132544K
  class space    used 12361K, capacity 12763K, committed 14232K, reserved 1048576K
}
Event: 85355.556 GC heap after
{Heap after GC invocations=1409 (full 312):
 garbage-first heap   total 313344K, used 102378K [0x0000000700000000, 0x0000000700100990, 0x00000007c0000000)
  region size 1024K, 1 young (1024K), 1 survivors (1024K)
 Metaspace       used 89298K, capacity 91139K, committed 98200K, reserved 1132544K
  class space    used 12361K, capacity 12763K, committed 14232K, reserved 1048576K
}

Deoptimization events (10 events):
Event: 84237.910 Thread 0x00000200c84fc800 Uncommon trap: reason=array_check action=maybe_recompile pc=0x00000200b17a9534 method=java.util.TimSort.mergeLo(IIII)V @ 81 c2
Event: 84237.910 Thread 0x00000200c84fc800 Uncommon trap: reason=array_check action=maybe_recompile pc=0x00000200b17a9534 method=java.util.TimSort.mergeLo(IIII)V @ 81 c2
Event: 84564.986 Thread 0x00000200c84fc800 Uncommon trap: reason=predicate action=maybe_recompile pc=0x00000200b18c4f1c method=java.util.TimSort.mergeLo(IIII)V @ 153 c2
Event: 84744.195 Thread 0x00000200c84fc800 Uncommon trap: reason=class_check action=maybe_recompile pc=0x00000200b06a7c18 method=java.awt.Component.updateZOrder()V @ 8 c2
Event: 84744.208 Thread 0x00000200c84fc800 Uncommon trap: reason=class_check action=maybe_recompile pc=0x00000200b0fb2a68 method=java.awt.Component$1.isLightweight(Ljava/awt/Component;)Z @ 4 c2
Event: 84975.751 Thread 0x00000200c84fc800 Uncommon trap: reason=unstable_if action=reinterpret pc=0x00000200b0454d20 method=java.awt.DefaultKeyboardFocusManager.discardKeyEvents(Ljava/awt/Component;)V @ 131 c2
Event: 85095.680 Thread 0x00000200c84fc800 Uncommon trap: reason=unstable_if action=reinterpret pc=0x00000200b0dd0764 method=java.util.concurrent.ConcurrentHashMap.replaceNode(Ljava/lang/Object;Ljava/lang/Object;Ljava/lang/Object;)Ljava/lang/Object; @ 136 c2
Event: 85212.498 Thread 0x00000200c84fc800 Uncommon trap: reason=unstable_if action=reinterpret pc=0x00000200b0ab51f4 method=ui.utils.ar.isWhiteSpace(Ljava/lang/String;)Z @ 7 c2
Event: 85212.507 Thread 0x00000200c84fc800 Uncommon trap: reason=unstable_if action=reinterpret pc=0x00000200b018e4c8 method=ui.utils.ar.isWhiteSpace(Ljava/lang/String;)Z @ 7 c2
Event: 85212.515 Thread 0x00000200c84fc800 Uncommon trap: reason=unstable_if action=reinterpret pc=0x00000200afff97c8 method=ui.utils.ar.isWhiteSpace(Ljava/lang/String;)Z @ 7 c2

Classes redefined (0 events):
No events

Internal exceptions (10 events):
Event: 85331.278 Thread 0x00000200c84fc800 Exception <a 'java/io/FileNotFoundException'{0x0000000712d6de78}> (0x0000000712d6de78) thrown at [t:/workspace/hotspot/src/share/vm/prims/jni.cpp, line 604]
Event: 85331.278 Thread 0x00000200c84fc800 Exception <a 'java/io/FileNotFoundException'{0x0000000712d6e490}> (0x0000000712d6e490) thrown at [t:/workspace/hotspot/src/share/vm/prims/jni.cpp, line 604]
Event: 85336.278 Thread 0x00000200c84fc800 Exception <a 'java/io/FileNotFoundException'{0x0000000712da52a0}> (0x0000000712da52a0) thrown at [t:/workspace/hotspot/src/share/vm/prims/jni.cpp, line 604]
Event: 85336.278 Thread 0x00000200c84fc800 Exception <a 'java/io/FileNotFoundException'{0x0000000712da58b8}> (0x0000000712da58b8) thrown at [t:/workspace/hotspot/src/share/vm/prims/jni.cpp, line 604]
Event: 85341.278 Thread 0x00000200c84fc800 Exception <a 'java/io/FileNotFoundException'{0x000000071259eb78}> (0x000000071259eb78) thrown at [t:/workspace/hotspot/src/share/vm/prims/jni.cpp, line 604]
Event: 85341.278 Thread 0x00000200c84fc800 Exception <a 'java/io/FileNotFoundException'{0x000000071259f190}> (0x000000071259f190) thrown at [t:/workspace/hotspot/src/share/vm/prims/jni.cpp, line 604]
Event: 85346.279 Thread 0x00000200c84fc800 Exception <a 'java/io/FileNotFoundException'{0x0000000711aa6070}> (0x0000000711aa6070) thrown at [t:/workspace/hotspot/src/share/vm/prims/jni.cpp, line 604]
Event: 85346.279 Thread 0x00000200c84fc800 Exception <a 'java/io/FileNotFoundException'{0x0000000711aa6688}> (0x0000000711aa6688) thrown at [t:/workspace/hotspot/src/share/vm/prims/jni.cpp, line 604]
Event: 85351.280 Thread 0x00000200c84fc800 Exception <a 'java/io/FileNotFoundException'{0x000000071107dd88}> (0x000000071107dd88) thrown at [t:/workspace/hotspot/src/share/vm/prims/jni.cpp, line 604]
Event: 85351.280 Thread 0x00000200c84fc800 Exception <a 'java/io/FileNotFoundException'{0x000000071107e3a0}> (0x000000071107e3a0) thrown at [t:/workspace/hotspot/src/share/vm/prims/jni.cpp, line 604]

Events (10 events):
Event: 85354.526 Thread 0x00000200ceb15800 Thread exited: 0x00000200ceb15800
Event: 85354.598 Thread 0x00000200ceb1b000 Thread added: 0x00000200ceb1b000
Event: 85354.606 Executing VM operation: RevokeBias
Event: 85354.607 Executing VM operation: RevokeBias done
Event: 85354.633 Executing VM operation: BulkRevokeBias
Event: 85354.634 Executing VM operation: BulkRevokeBias done
Event: 85355.551 Executing VM operation: G1IncCollectionPause
Event: 85355.556 Executing VM operation: G1IncCollectionPause done
Event: 85355.567 Thread 0x00000200ceb18800 Thread added: 0x00000200ceb18800
Event: 85355.572 Thread 0x00000200ceb18800 Thread exited: 0x00000200ceb18800


Dynamic libraries:
0x00007ff6f60e0000 - 0x00007ff6f6110000 	C:\Xilinx\Vivado\2020.1\bin\unwrapped\win64.o\vivado.exe
0x00007ff888870000 - 0x00007ff888a68000 	C:\Windows\SYSTEM32\ntdll.dll
0x00007ff888770000 - 0x00007ff88882f000 	C:\Windows\System32\KERNEL32.DLL
0x00007ff886560000 - 0x00007ff886832000 	C:\Windows\System32\KERNELBASE.dll
0x00007ff886120000 - 0x00007ff886220000 	C:\Windows\System32\ucrtbase.dll
0x00007ff86dce0000 - 0x00007ff86dd6e000 	C:\Windows\SYSTEM32\MSVCP140.dll
0x00007ff86dd70000 - 0x00007ff86dd8b000 	C:\Windows\SYSTEM32\VCRUNTIME140.dll
0x00007ff86dcd0000 - 0x00007ff86dcdc000 	C:\Windows\SYSTEM32\VCRUNTIME140_1.dll
0x00007ff872860000 - 0x00007ff87287a000 	C:\Xilinx\Vivado\2020.1\lib\win64.o\librdi_commonmain.dll
0x00007ff872840000 - 0x00007ff872854000 	C:\Xilinx\Vivado\2020.1\lib\win64.o\libboost_signals.dll
0x00007ff882df0000 - 0x00007ff882dfa000 	C:\Xilinx\Vivado\2020.1\lib\win64.o\librdi_commonversion.dll
0x00007ff872550000 - 0x00007ff872576000 	C:\Xilinx\Vivado\2020.1\lib\win64.o\libboost_filesystem.dll
0x00007ff887cc0000 - 0x00007ff887d6e000 	C:\Windows\System32\ADVAPI32.dll
0x00007ff8869f0000 - 0x00007ff886a8e000 	C:\Windows\System32\msvcrt.dll
0x00007ff886f60000 - 0x00007ff886ffc000 	C:\Windows\System32\sechost.dll
0x00007ff888550000 - 0x00007ff888675000 	C:\Windows\System32\RPCRT4.dll
0x00007ff84e0e0000 - 0x00007ff84e281000 	C:\Xilinx\Vivado\2020.1\lib\win64.o\librdi_commonxillic.dll
0x00007ff886d10000 - 0x00007ff886ead000 	C:\Windows\System32\USER32.dll
0x00007ff886220000 - 0x00007ff886242000 	C:\Windows\System32\win32u.dll
0x00007ff887d70000 - 0x00007ff887d9b000 	C:\Windows\System32\GDI32.dll
0x00007ff885f70000 - 0x00007ff88607f000 	C:\Windows\System32\gdi32full.dll
0x00007ff886080000 - 0x00007ff88611d000 	C:\Windows\System32\msvcp_win.dll
0x00007ff888010000 - 0x00007ff88807b000 	C:\Windows\System32\WS2_32.dll
0x00007ff886890000 - 0x00007ff8868b7000 	C:\Windows\System32\bcrypt.dll
0x0000000064440000 - 0x000000006456b000 	C:\Xilinx\Vivado\2020.1\lib\win64.o\tcl85t.dll
0x00007ff882d20000 - 0x00007ff882d2b000 	C:\Xilinx\Vivado\2020.1\lib\win64.o\libboost_system.dll
0x00007ff8346c0000 - 0x00007ff83499b000 	C:\Xilinx\Vivado\2020.1\lib\win64.o\libXil_lmgr11.dll
0x00007ff887870000 - 0x00007ff88794a000 	C:\Windows\System32\COMDLG32.dll
0x00007ff887950000 - 0x00007ff887ca4000 	C:\Windows\System32\combase.dll
0x00007ff886eb0000 - 0x00007ff886f5d000 	C:\Windows\System32\shcore.dll
0x00007ff886b00000 - 0x00007ff886b55000 	C:\Windows\System32\SHLWAPI.dll
0x00007ff887000000 - 0x00007ff887743000 	C:\Windows\System32\SHELL32.dll
0x00007ff887e30000 - 0x00007ff887efd000 	C:\Windows\System32\OLEAUT32.dll
0x00007ff8868c0000 - 0x00007ff8869ea000 	C:\Windows\System32\ole32.dll
0x00007ff8864f0000 - 0x00007ff88655a000 	C:\Windows\System32\WINTRUST.dll
0x00007ff886250000 - 0x00007ff8863a6000 	C:\Windows\System32\CRYPT32.dll
0x00007ff84f5f0000 - 0x00007ff84f704000 	C:\Xilinx\Vivado\2020.1\lib\win64.o\libboost_regex.dll
0x00007ff815090000 - 0x00007ff815d45a00 	C:\Xilinx\Vivado\2020.1\lib\win64.o\libisl_iostreams.dll
0x00007ff86dd90000 - 0x00007ff86dda9000 	C:\Windows\SYSTEM32\NETAPI32.dll
0x00007ff860500000 - 0x00007ff8605b0000 	C:\Windows\WinSxS\amd64_microsoft.windows.common-controls_6595b64144ccf1df_5.82.19041.1110_none_792d1c772443f647\COMCTL32.dll
0x00007ff86ab90000 - 0x00007ff86ab99000 	C:\Windows\SYSTEM32\WSOCK32.dll
0x00007ff87e0f0000 - 0x00007ff87e10d000 	C:\Windows\SYSTEM32\dhcpcsvc.DLL
0x00007ff872430000 - 0x00007ff872444000 	C:\Xilinx\Vivado\2020.1\lib\win64.o\libboost_date_time.dll
0x00007ff871f20000 - 0x00007ff871f3b000 	C:\Xilinx\Vivado\2020.1\lib\win64.o\libboost_iostreams.dll
0x00007ff8713b0000 - 0x00007ff8713d1000 	C:\Xilinx\Vivado\2020.1\lib\win64.o\libboost_thread.dll
0x00007ff813fc0000 - 0x00007ff815086000 	C:\Xilinx\Vivado\2020.1\lib\win64.o\librdi_common.dll
0x00007ff86fee0000 - 0x00007ff86ff05000 	C:\Xilinx\Vivado\2020.1\lib\win64.o\libisl_iosutils.dll
0x00007ff872ac0000 - 0x00007ff872acd000 	C:\Xilinx\Vivado\2020.1\lib\win64.o\libboost_chrono.dll
0x00007ff86fb70000 - 0x00007ff86fb91000 	C:\Xilinx\Vivado\2020.1\lib\win64.o\librdizlib.dll
0x00007ff871670000 - 0x00007ff87168a000 	C:\Xilinx\Vivado\2020.1\lib\win64.o\pthreadVC2.dll
0x00007ff872830000 - 0x00007ff87283f000 	C:\Xilinx\Vivado\2020.1\lib\win64.o\libboost_xilinx.dll
0x00007ff84ef40000 - 0x00007ff84efbf000 	C:\Xilinx\Vivado\2020.1\lib\win64.o\libboost_program_options.dll
0x00007ff84eeb0000 - 0x00007ff84ef32000 	C:\Xilinx\Vivado\2020.1\lib\win64.o\libhdlpsolve.dll
0x00007ff81b1d0000 - 0x00007ff81b53e000 	C:\Xilinx\Vivado\2020.1\lib\win64.o\libCOIN-all.dll
0x00007ff86e5d0000 - 0x00007ff86e5fe000 	C:\Xilinx\Vivado\2020.1\lib\win64.o\libisl_sysinfo.dll
0x00007ff871330000 - 0x00007ff87134c000 	C:\Xilinx\Vivado\2020.1\lib\win64.o\librdiconfig.dll
0x00007ff84e5f0000 - 0x00007ff84e655000 	C:\Xilinx\Vivado\2020.1\lib\win64.o\liblmx6.0.dll
0x00007ff84e030000 - 0x00007ff84e0d5000 	C:\Xilinx\Vivado\2020.1\lib\win64.o\libhdxml.dll
0x00007ff86ac50000 - 0x00007ff86b129000 	C:\Windows\SYSTEM32\WININET.dll
0x00007ff884f60000 - 0x00007ff88506c000 	C:\Windows\SYSTEM32\WINHTTP.dll
0x00007ff8777a0000 - 0x00007ff87798d000 	C:\Windows\SYSTEM32\urlmon.dll
0x00007ff878c20000 - 0x00007ff878ed1000 	C:\Windows\SYSTEM32\iertutil.dll
0x00007ff8791d0000 - 0x00007ff8791f8000 	C:\Windows\SYSTEM32\srvcli.dll
0x00007ff86e440000 - 0x00007ff86e471000 	C:\Windows\SYSTEM32\VCOMP140.DLL
0x00007ff885410000 - 0x00007ff88541c000 	C:\Windows\SYSTEM32\netutils.dll
0x00007ff813120000 - 0x00007ff813fb1000 	C:\Xilinx\Vivado\2020.1\lib\win64.o\gurobi65.dll
0x0000000012000000 - 0x0000000012270000 	C:\Xilinx\Vivado\2020.1\lib\win64.o\xerces-c_3_1.dll
0x00007ff885730000 - 0x00007ff88579a000 	C:\Windows\SYSTEM32\MSWSOCK.DLL
0x00007ff888730000 - 0x00007ff888762000 	C:\Windows\System32\IMM32.DLL
0x00007ff885b60000 - 0x00007ff885b72000 	C:\Windows\SYSTEM32\MSASN1.dll
0x00007ff8846a0000 - 0x00007ff8846b2000 	C:\Windows\SYSTEM32\kernel.appcore.dll
0x00007ff812c20000 - 0x00007ff81311c000 	C:\Xilinx\Vivado\2020.1\lib\win64.o\librdi_commontasks.dll
0x00007ff87f8d0000 - 0x00007ff87f8da000 	C:\Windows\SYSTEM32\VERSION.dll
0x00007ff827270000 - 0x00007ff827554000 	C:\Xilinx\Vivado\2020.1\lib\win64.o\librdi_sio.dll
0x00007ff8853d0000 - 0x00007ff88540b000 	C:\Windows\SYSTEM32\IPHLPAPI.DLL
0x0000000063a10000 - 0x0000000064435000 	C:\Xilinx\Vivado\2020.1\tps\win64\jre9.0.4\bin\server\jvm.dll
0x00007ff887e20000 - 0x00007ff887e28000 	C:\Windows\System32\PSAPI.DLL
0x00007ff86ca00000 - 0x00007ff86ca27000 	C:\Windows\SYSTEM32\WINMM.dll
0x00007ff870cb0000 - 0x00007ff870d9f000 	C:\Windows\SYSTEM32\MSVCR120.dll
0x00007ff883f00000 - 0x00007ff884692000 	C:\Windows\SYSTEM32\windows.storage.dll
0x00007ff8859d0000 - 0x00007ff885a00000 	C:\Windows\SYSTEM32\Wldp.dll
0x00007ff810580000 - 0x00007ff812c15000 	C:\Xilinx\Vivado\2020.1\lib\win64.o\librdi_tcltasks.dll
0x00007ff84dfb0000 - 0x00007ff84e02b000 	C:\Xilinx\Vivado\2020.1\lib\win64.o\librdi_boarddep.dll
0x00007ff84be20000 - 0x00007ff84bf16000 	C:\Xilinx\Vivado\2020.1\lib\win64.o\librdi_chipscope.dll
0x00007ff835250000 - 0x00007ff835403000 	C:\Xilinx\Vivado\2020.1\lib\win64.o\librdi_board.dll
0x00007ff8100b0000 - 0x00007ff810576000 	C:\Xilinx\Vivado\2020.1\lib\win64.o\librdi_bitstream.dll
0x00007ff82aed0000 - 0x00007ff82b091000 	C:\Xilinx\Vivado\2020.1\lib\win64.o\librdi_chipscopeimpl.dll
0x00007ff83be40000 - 0x00007ff83bf9b000 	C:\Xilinx\Vivado\2020.1\lib\win64.o\librdi_containers.dll
0x00007fffd82c0000 - 0x00007fffdc5ee000 	C:\Xilinx\Vivado\2020.1\lib\win64.o\librdi_designutils.dll
0x00007ff80e480000 - 0x00007ff8100aa000 	C:\Xilinx\Vivado\2020.1\lib\win64.o\librdi_constraints.dll
0x00007ff80e130000 - 0x00007ff80e47b000 	C:\Xilinx\Vivado\2020.1\lib\win64.o\librdi_dlyest.dll
0x00007ff80db10000 - 0x00007ff80e12e000 	C:\Xilinx\Vivado\2020.1\lib\win64.o\librdi_drc.dll
0x00007ff84a7f0000 - 0x00007ff84a8b4000 	C:\Xilinx\Vivado\2020.1\lib\win64.o\librdi_dsp.dll
0x00007ff80d480000 - 0x00007ff80db06000 	C:\Xilinx\Vivado\2020.1\lib\win64.o\librdi_filemgmt.dll
0x00007ff80d160000 - 0x00007ff80d47c000 	C:\Xilinx\Vivado\2020.1\lib\win64.o\librdi_guitools.dll
0x00007fffc03f0000 - 0x00007fffd82c0000 	C:\Xilinx\Vivado\2020.1\lib\win64.o\librdi_device.dll
0x00007ff84bfa0000 - 0x00007ff84c017000 	C:\Xilinx\Vivado\2020.1\lib\win64.o\librdi_hdf.dll
0x00007ff826c60000 - 0x00007ff826eb5000 	C:\Xilinx\Vivado\2020.1\lib\win64.o\librdi_hip_devdesign.dll
0x00007ff81f000000 - 0x00007ff81f148000 	C:\Xilinx\Vivado\2020.1\lib\win64.o\librdi_hip_perf_analysis.dll
0x00007ffffe6a0000 - 0x00007ffffffea000 	C:\Xilinx\Vivado\2020.1\lib\win64.o\librdi_implflow.dll
0x00007ff80ba00000 - 0x00007ff80c03e000 	C:\Xilinx\Vivado\2020.1\lib\win64.o\librdi_memdata.dll
0x00007ff84b570000 - 0x00007ff84b5e4000 	C:\Xilinx\Vivado\2020.1\lib\win64.o\librdi_memoryarray.dll
0x00007fffbd570000 - 0x00007fffc03e7000 	C:\Xilinx\Vivado\2020.1\lib\win64.o\librdi_mig.dll
0x00007ff80b2f0000 - 0x00007ff80b9f3000 	C:\Xilinx\Vivado\2020.1\lib\win64.o\librdi_netlist.dll
0x00007ff852090000 - 0x00007ff8520de000 	C:\Xilinx\Vivado\2020.1\lib\win64.o\librdi_pfi.dll
0x00007fffbb400000 - 0x00007fffbd56d000 	C:\Xilinx\Vivado\2020.1\lib\win64.o\librdi_coregen.dll
0x00007ff80af90000 - 0x00007ff80b2e1000 	C:\Xilinx\Vivado\2020.1\lib\win64.o\librdi_platform.dll
0x00007ff800ec0000 - 0x00007ff8016f4000 	C:\Xilinx\Vivado\2020.1\lib\win64.o\librdi_power.dll
0x00007ff801920000 - 0x00007ff801ff9000 	C:\Xilinx\Vivado\2020.1\lib\win64.o\librdi_coregenipxact.dll
0x00007fffb8880000 - 0x00007fffbb3f1000 	C:\Xilinx\Vivado\2020.1\lib\win64.o\librdi_place.dll
0x00007ff800780000 - 0x00007ff800ebc000 	C:\Xilinx\Vivado\2020.1\lib\win64.o\librdi_psta.dll
0x00007ff8032c0000 - 0x00007ff8038b5000 	C:\Xilinx\Vivado\2020.1\lib\win64.o\librdi_project.dll
0x00007ff800010000 - 0x00007ff80077f000 	C:\Xilinx\Vivado\2020.1\lib\win64.o\librdi_rsb.dll
0x00007ffffe200000 - 0x00007ffffe69a000 	C:\Xilinx\Vivado\2020.1\lib\win64.o\librdi_runs.dll
0x00007ff828190000 - 0x00007ff828298000 	C:\Xilinx\Vivado\2020.1\lib\win64.o\librdi_runsbase.dll
0x00007ff804680000 - 0x00007ff8048f5000 	C:\Xilinx\Vivado\2020.1\lib\win64.o\librdi_simdata.dll
0x00007ff81ef00000 - 0x00007ff81efff000 	C:\Xilinx\Vivado\2020.1\lib\win64.o\librdi_xhub.dll
0x00007ff8351a0000 - 0x00007ff835248000 	C:\Xilinx\Vivado\2020.1\lib\win64.o\librdi_xhubtasks.dll
0x00007fffebde0000 - 0x00007fffeccea000 	C:\Xilinx\Vivado\2020.1\lib\win64.o\librdi_timing.dll
0x00007ff81ece0000 - 0x00007ff81eeb3000 	C:\Xilinx\Vivado\2020.1\lib\win64.o\librdi_advchipscopeimpl.dll
0x00007ff84ee60000 - 0x00007ff84eeac000 	C:\Xilinx\Vivado\2020.1\lib\win64.o\libboost_serialization.dll
0x00007ff828070000 - 0x00007ff828158000 	C:\Xilinx\Vivado\2020.1\lib\win64.o\librdi_ipconfig_readwrite.dll
0x00007ff81afd0000 - 0x00007ff81b1c3000 	C:\Xilinx\Vivado\2020.1\lib\win64.o\librdi_hip_config.dll
0x00007ff84df40000 - 0x00007ff84dfac000 	C:\Xilinx\Vivado\2020.1\lib\win64.o\librdi_noc_frameworks.dll
0x00007ffffdcb0000 - 0x00007ffffe1fe000 	C:\Xilinx\Vivado\2020.1\lib\win64.o\librdi_xdm.dll
0x00007ff81f1b0000 - 0x00007ff81f24e000 	C:\Xilinx\Vivado\2020.1\lib\win64.o\libise.dll
0x00007fffed600000 - 0x00007fffedc1e000 	C:\Xilinx\Vivado\2020.1\lib\win64.o\librdi_wavedata.dll
0x00007ff84bdd0000 - 0x00007ff84be1b000 	C:\Xilinx\Vivado\2020.1\lib\win64.o\librdi_wavedata_SimpleApi.dll

VM Arguments:
jvm_args: -Dsun.java2d.pmoffscreen=false -Dsun.java2d.xrender=false -Dsun.java2d.d3d=false -Dsun.awt.nopixfmt=true -Dsun.java2d.dpiaware=true -Dsun.java2d.uiScale.enabled=false -Xverify:none -Dswing.aatext=true -XX:-UsePerfData -Djdk.map.althashing.threshold=512 -XX:StringTableSize=4072 --add-opens=java.base/java.nio=ALL-UNNAMED --add-opens=java.desktop/sun.swing=ALL-UNNAMED --add-opens=java.desktop/javax.swing=ALL-UNNAMED --add-opens=java.desktop/javax.swing.tree=ALL-UNNAMED --add-opens=java.desktop/javax.swing.plaf.basic=ALL-UNNAMED --add-opens=java.desktop/javax.swing.plaf.synth=ALL-UNNAMED --add-opens=java.desktop/com.sun.awt=ALL-UNNAMED -XX:NewSize=60m -XX:MaxNewSize=60m -Xms128m -Xmx3072m -Xss5m 
java_command: <unknown>
java_class_path (initial): C:/Xilinx/Vivado/2020.1\lib\classes\alloy.jar;C:/Xilinx/Vivado/2020.1\lib\classes\ArchiveSummary.jar;C:/Xilinx/Vivado/2020.1\lib\classes\autoesl-models.jar;C:/Xilinx/Vivado/2020.1\lib\classes\autopilot.scelaborator.jar;C:/Xilinx/Vivado/2020.1\lib\classes\autopilot.sourceprocessor.jar;C:/Xilinx/Vivado/2020.1\lib\classes\autopilot.tbprocessor.jar;C:/Xilinx/Vivado/2020.1\lib\classes\batik-anim.jar;C:/Xilinx/Vivado/2020.1\lib\classes\batik-awt-util.jar;C:/Xilinx/Vivado/2020.1\lib\classes\batik-bridge.jar;C:/Xilinx/Vivado/2020.1\lib\classes\batik-codec.jar;C:/Xilinx/Vivado/2020.1\lib\classes\batik-css.jar;C:/Xilinx/Vivado/2020.1\lib\classes\batik-dom.jar;C:/Xilinx/Vivado/2020.1\lib\classes\batik-ext.jar;C:/Xilinx/Vivado/2020.1\lib\classes\batik-gui-util.jar;C:/Xilinx/Vivado/2020.1\lib\classes\batik-gvt.jar;C:/Xilinx/Vivado/2020.1\lib\classes\batik-parser.jar;C:/Xilinx/Vivado/2020.1\lib\classes\batik-script.jar;C:/Xilinx/Vivado/2020.1\lib\classes\batik-svg-dom.jar;C:/Xilinx/Vivado/2020.1\lib\classes\batik-swing.jar;C:/Xilinx/Vivado/2020.1\lib\classes\batik-transcoder.jar;C:/Xilinx/Vivado/2020.1\lib\classes\batik-util.jar;C:/Xilinx/Vivado/2020.1\lib\classes\batik-xml.jar;C:/Xilinx/Vivado/2020.1\lib\classes\com.google.gson_2.8.2.v20180104-1110.jar;C:/Xilinx/Vivado/2020.1\lib\classes\com.google.guava_27.1.0.v20190517-1946.jar;C:/Xilinx/Vivado/2020.1\lib\classes\com.ibm.icu_4.4.2.v20110208.jar;C:/Xilinx/Vivado/2020.1\lib\classes\com.sigasi.hdt.connection_4.8.0.202004151336.jar;C:/Xilinx/Vivado/2020.1\lib\classes\com.sigasi.hdt.epl_4.8.0.202004151336.jar;C:/Xilinx/Vivado/2020.1\lib\classes\com.sigasi.hdt.project_4.8.0.202004151336.jar;C:/Xilinx/Vivado/2020.1\lib\classes\com.sigasi.hdt.readonlyfilesystem_4.8.0.202004151336.jar;C:/Xilinx/Vivado/2020.1\lib\classes\com.sigasi.lcm_4.8.0.202004151336.jar;C:/Xilinx/Vivado/2020.1\lib\classes\com.sigasi.sdk.client_4.8.0.202004151336.jar;C:/Xilinx/Vivado/2020.1\lib\classes\com.xilinx.hls.services.jar;C:/Xili
Launcher Type: generic

Logging:
Log output configuration:
#0: stdout all=warning uptime,level,tags
#1: stderr all=off uptime,level,tags

Environment Variables:
PATH=C:/Xilinx/Vivado/2020.1\gnuwin\bin;C:/Xilinx/Vivado/2020.1\gnu\microblaze\nt\bin;C:/Xilinx/Vivado/2020.1/bin;C:/Xilinx/Vivado/2020.1/lib/win64.o;C:/Xilinx/Vivado/2020.1/tps/win64/jre9.0.4/bin/server;C:/Xilinx/Vivado/2020.1/tps/win64/jre9.0.4/bin;C:/Xilinx/Vivado/2020.1/ids_lite/ISE/bin/nt64;C:/Xilinx/Vivado/2020.1/ids_lite/ISE/lib/nt64;C:\Program Files (x86)\Common Files\Oracle\Java\javapath;C:\Windows\system32;C:\Windows;C:\Windows\System32\Wbem;C:\Windows\System32\WindowsPowerShell\v1.0\;C:\Windows\System32\OpenSSH\;C:\Program Files\dotnet\;C:\Program Files\Git\cmd;C:\Program Files\Java\jdk-19\bin;C:\Users\sukruth_rao\AppData\Local\Programs\Python\Python310\Scripts\;C:\Users\sukruth_rao\AppData\Local\Programs\Python\Python310\;C:\Users\sukruth_rao\AppData\Local\Microsoft\WindowsApps;C:\Users\sukruth_rao\AppData\Local\GitHubDesktop\bin;C:\Program Files\JetBrains\PyCharm Community Edition 2022.2.1\bin;;C:\Users\sukruth_rao\Documents\mingw32\bin;C:\Users\sukruth_rao\AppData\Local\Programs\Microsoft VS Code\bin;C:/Xilinx/Vivado/2020.1\tps\mingw\6.2.0\win64.o\nt\bin;C:/Xilinx/Vivado/2020.1\tps\mingw\6.2.0\win64.o\nt\libexec\gcc\x86_64-w64-mingw32\6.2.0;C:/Xilinx/Vivado/2020.1\tps\win64\python-2.7.16;C:/Xilinx/Vivado/2020.1\tps\win64\python-2.7.16\bin;C:/Xilinx/Vivado/2020.1\tps\win64\python-2.7.16\lib;C:/Xilinx/Vivado/2020.1\tps\win64\python-2.7.16\Lib\lib-tk;C:/Xilinx/Vivado/2020.1\tps\win64\python-2.7.16\lib\site-packages
USERNAME=sukruth_rao
OS=Windows_NT
PROCESSOR_IDENTIFIER=Intel64 Family 6 Model 140 Stepping 1, GenuineIntel



---------------  S Y S T E M  ---------------

OS: Windows 10 , 64 bit Build 19041 (10.0.19041.2251)

CPU:total 8 (initial active 8) (4 cores per cpu, 2 threads per core) family 6 model 140 stepping 1, cmov, cx8, fxsr, mmx, sse, sse2, sse3, ssse3, sse4.1, sse4.2, popcnt, avx, avx2, aes, clmul, erms, 3dnowpref, lzcnt, ht, tsc, tscinvbit, bmi1, bmi2, adx, sha, fma

Memory: 4k page, physical 8104744k(1941256k free), swap 17017640k(5278316k free)

vm_info: Java HotSpot(TM) 64-Bit Server VM (9.0.4+11) for windows-amd64 JRE (9.0.4+11), built on Dec 20 2017 02:18:54 by "mach5one" with MS VC++ 12.0 (VS2013)

END.
